# JRE version: Java(TM) SE Runtime Environment (19.0+36) (build 19+36-2238)
# Java VM: Java HotSpot(TM) 64-Bit Server VM (19+36-2238, mixed mode, sharing, tiered, compressed oops, compressed class ptrs, g1 gc, windows-amd64)
GC Precious Log:
 CardTable entry size: 512
 Card Set container configuration: InlinePtr #cards 4 size 8 Array Of Cards #cards 8 size 32 Howl #buckets 8 coarsen threshold 3686 Howl Bitmap #cards 512 size 80 coarsen threshold 460 Card regions per heap region 1 cards per card region 4096
 CPUs: 8 total, 8 available
 Memory: 16189M
 Large Page Support: Disabled
 NUMA Support: Disabled
 Compressed Oops: Enabled (Zero based)
 Heap Region Size: 2M
 Heap Min Capacity: 8M
 Heap Initial Capacity: 254M
 Heap Max Capacity: 4048M
 Pre-touch: Disabled
 Parallel Workers: 8
 Concurrent Workers: 2
 Concurrent Refinement Workers: 8
 Periodic GC: Disabled
Heap:
 garbage-first heap   total 389120K, used 375799K [0x0000000703000000, 0x0000000800000000)
  region size 2048K, 10 young (20480K), 1 survivors (2048K)
 Metaspace       used 40271K, committed 40640K, reserved 1114112K
  class space    used 5046K, committed 5248K, reserved 1048576K
GC Heap History (20 events):
Event: 14.844 GC heap before
{Heap before GC invocations=8 (full 0):
 garbage-first heap   total 40960K, used 17994K [0x0000000703000000, 0x0000000800000000)
  region size 2048K, 6 young (12288K), 2 survivors (4096K)
 Metaspace       used 35691K, committed 35968K, reserved 1114112K
  class space    used 4345K, committed 4480K, reserved 1048576K
}
Event: 14.848 GC heap after
{Heap after GC invocations=9 (full 0):
 garbage-first heap   total 151552K, used 19483K [0x0000000703000000, 0x0000000800000000)
  region size 2048K, 2 young (4096K), 2 survivors (4096K)
 Metaspace       used 35691K, committed 35968K, reserved 1114112K
  class space    used 4345K, committed 4480K, reserved 1048576K
}
Event: 51.415 GC heap before
{Heap before GC invocations=10 (full 0):
 garbage-first heap   total 81920K, used 78875K [0x0000000703000000, 0x0000000800000000)
  region size 2048K, 18 young (36864K), 2 survivors (4096K)
 Metaspace       used 39729K, committed 40064K, reserved 1114112K
  class space    used 5008K, committed 5184K, reserved 1048576K
}
Event: 51.418 GC heap after
{Heap after GC invocations=11 (full 0):
 garbage-first heap   total 86016K, used 22142K [0x0000000703000000, 0x0000000800000000)
  region size 2048K, 2 young (4096K), 2 survivors (4096K)
 Metaspace       used 39729K, committed 40064K, reserved 1114112K
  class space    used 5008K, committed 5184K, reserved 1048576K
}
Event: 51.427 GC heap before
{Heap before GC invocations=11 (full 0):
 garbage-first heap   total 86016K, used 40574K [0x0000000703000000, 0x0000000800000000)
  region size 2048K, 3 young (6144K), 2 survivors (4096K)
 Metaspace       used 39729K, committed 40064K, reserved 1114112K
  class space    used 5008K, committed 5184K, reserved 1048576K
}
Event: 51.429 GC heap after
{Heap after GC invocations=12 (full 0):
 garbage-first heap   total 86016K, used 24264K [0x0000000703000000, 0x0000000800000000)
  region size 2048K, 1 young (2048K), 1 survivors (2048K)
 Metaspace       used 39729K, committed 40064K, reserved 1114112K
  class space    used 5008K, committed 5184K, reserved 1048576K
}
Event: 52.013 GC heap before
{Heap before GC invocations=12 (full 0):
 garbage-first heap   total 86016K, used 30408K [0x0000000703000000, 0x0000000800000000)
  region size 2048K, 3 young (6144K), 1 survivors (2048K)
 Metaspace       used 40010K, committed 40384K, reserved 1114112K
  class space    used 5033K, committed 5184K, reserved 1048576K
}
Event: 52.014 GC heap after
{Heap after GC invocations=13 (full 0):
 garbage-first heap   total 86016K, used 33267K [0x0000000703000000, 0x0000000800000000)
  region size 2048K, 2 young (4096K), 2 survivors (4096K)
 Metaspace       used 40010K, committed 40384K, reserved 1114112K
  class space    used 5033K, committed 5184K, reserved 1048576K
}
Event: 52.017 GC heap before
{Heap before GC invocations=13 (full 0):
 garbage-first heap   total 86016K, used 43507K [0x0000000703000000, 0x0000000800000000)
  region size 2048K, 3 young (6144K), 2 survivors (4096K)
 Metaspace       used 40010K, committed 40384K, reserved 1114112K
  class space    used 5033K, committed 5184K, reserved 1048576K
}
Event: 52.019 GC heap after
{Heap after GC invocations=14 (full 0):
 garbage-first heap   total 86016K, used 36858K [0x0000000703000000, 0x0000000800000000)
  region size 2048K, 1 young (2048K), 1 survivors (2048K)
 Metaspace       used 40010K, committed 40384K, reserved 1114112K
  class space    used 5033K, committed 5184K, reserved 1048576K
}
Event: 104.943 GC heap before
{Heap before GC invocations=14 (full 0):
 garbage-first heap   total 86016K, used 43002K [0x0000000703000000, 0x0000000800000000)
  region size 2048K, 3 young (6144K), 1 survivors (2048K)
 Metaspace       used 40039K, committed 40384K, reserved 1114112K
  class space    used 5033K, committed 5184K, reserved 1048576K
}
Event: 104.944 GC heap after
{Heap after GC invocations=15 (full 0):
 garbage-first heap   total 86016K, used 34715K [0x0000000703000000, 0x0000000800000000)
  region size 2048K, 1 young (2048K), 1 survivors (2048K)
 Metaspace       used 40039K, committed 40384K, reserved 1114112K
  class space    used 5033K, committed 5184K, reserved 1048576K
}
Event: 104.946 GC heap before
{Heap before GC invocations=15 (full 0):
 garbage-first heap   total 86016K, used 40859K [0x0000000703000000, 0x0000000800000000)
  region size 2048K, 1 young (2048K), 1 survivors (2048K)
 Metaspace       used 40039K, committed 40384K, reserved 1114112K
  class space    used 5033K, committed 5184K, reserved 1048576K
}
Event: 104.946 GC heap after
{Heap after GC invocations=16 (full 0):
 garbage-first heap   total 86016K, used 40857K [0x0000000703000000, 0x0000000800000000)
  region size 2048K, 1 young (2048K), 1 survivors (2048K)
 Metaspace       used 40039K, committed 40384K, reserved 1114112K
  class space    used 5033K, committed 5184K, reserved 1048576K
}
Event: 109.032 GC heap before
{Heap before GC invocations=17 (full 0):
 garbage-first heap   total 169984K, used 167833K [0x0000000703000000, 0x0000000800000000)
  region size 2048K, 6 young (12288K), 1 survivors (2048K)
 Metaspace       used 40092K, committed 40384K, reserved 1114112K
  class space    used 5034K, committed 5184K, reserved 1048576K
}
Event: 109.033 GC heap after
{Heap after GC invocations=18 (full 0):
 garbage-first heap   total 172032K, used 32680K [0x0000000703000000, 0x0000000800000000)
  region size 2048K, 1 young (2048K), 1 survivors (2048K)
 Metaspace       used 40092K, committed 40384K, reserved 1114112K
  class space    used 5034K, committed 5184K, reserved 1048576K
}
Event: 119.225 GC heap before
{Heap before GC invocations=18 (full 0):
 garbage-first heap   total 172032K, used 79784K [0x0000000703000000, 0x0000000800000000)
  region size 2048K, 4 young (8192K), 1 survivors (2048K)
 Metaspace       used 40203K, committed 40576K, reserved 1114112K
  class space    used 5046K, committed 5248K, reserved 1048576K
}
Event: 119.226 GC heap after
{Heap after GC invocations=19 (full 0):
 garbage-first heap   total 172032K, used 32336K [0x0000000703000000, 0x0000000800000000)
  region size 2048K, 1 young (2048K), 1 survivors (2048K)
 Metaspace       used 40203K, committed 40576K, reserved 1114112K
  class space    used 5046K, committed 5248K, reserved 1048576K
}
Event: 119.227 GC heap before
{Heap before GC invocations=19 (full 0):
 garbage-first heap   total 172032K, used 32336K [0x0000000703000000, 0x0000000800000000)
  region size 2048K, 2 young (4096K), 1 survivors (2048K)
 Metaspace       used 40203K, committed 40576K, reserved 1114112K
  class space    used 5046K, committed 5248K, reserved 1048576K
}
Event: 119.228 GC heap after
{Heap after GC invocations=20 (full 0):
 garbage-first heap   total 172032K, used 33312K [0x0000000703000000, 0x0000000800000000)
  region size 2048K, 1 young (2048K), 1 survivors (2048K)
 Metaspace       used 40203K, committed 40576K, reserved 1114112K
  class space    used 5046K, committed 5248K, reserved 1048576K
}

