# JRE version: Java(TM) SE Runtime Environment (19.0+36) (build 19+36-2238)
# Java VM: Java HotSpot(TM) 64-Bit Server VM (19+36-2238, mixed mode, sharing, tiered, compressed oops, compressed class ptrs, g1 gc, windows-amd64)
GC Precious Log:
 CardTable entry size: 512
 Card Set container configuration: InlinePtr #cards 4 size 8 Array Of Cards #cards 8 size 32 Howl #buckets 8 coarsen threshold 3686 Howl Bitmap #cards 512 size 80 coarsen threshold 460 Card regions per heap region 1 cards per card region 4096
 CPUs: 8 total, 8 available
 Memory: 16189M
 Large Page Support: Disabled
 NUMA Support: Disabled
 Compressed Oops: Enabled (Zero based)
 Heap Region Size: 2M
 Heap Min Capacity: 8M
 Heap Initial Capacity: 254M
 Heap Max Capacity: 4048M
 Pre-touch: Disabled
 Parallel Workers: 8
 Concurrent Workers: 2
 Concurrent Refinement Workers: 8
 Periodic GC: Disabled
Heap:
 garbage-first heap   total 606208K, used 25140K [0x0000000703000000, 0x0000000800000000)
  region size 2048K, 1 young (2048K), 1 survivors (2048K)
 Metaspace       used 40106K, committed 40448K, reserved 1114112K
  class space    used 5074K, committed 5248K, reserved 1048576K
GC Heap History (20 events):
Event: 100.321 GC heap after
{Heap after GC invocations=14 (full 0):
 garbage-first heap   total 151552K, used 25129K [0x0000000703000000, 0x0000000800000000)
  region size 2048K, 1 young (2048K), 1 survivors (2048K)
 Metaspace       used 40106K, committed 40448K, reserved 1114112K
  class space    used 5074K, committed 5248K, reserved 1048576K
}
Event: 100.334 GC heap before
{Heap before GC invocations=14 (full 0):
 garbage-first heap   total 151552K, used 111145K [0x0000000703000000, 0x0000000800000000)
  region size 2048K, 44 young (90112K), 1 survivors (2048K)
 Metaspace       used 40106K, committed 40448K, reserved 1114112K
  class space    used 5074K, committed 5248K, reserved 1048576K
}
Event: 100.338 GC heap after
{Heap after GC invocations=15 (full 0):
 garbage-first heap   total 303104K, used 25142K [0x0000000703000000, 0x0000000800000000)
  region size 2048K, 1 young (2048K), 1 survivors (2048K)
 Metaspace       used 40106K, committed 40448K, reserved 1114112K
  class space    used 5074K, committed 5248K, reserved 1048576K
}
Event: 100.415 GC heap before
{Heap before GC invocations=15 (full 0):
 garbage-first heap   total 303104K, used 201270K [0x0000000703000000, 0x0000000800000000)
  region size 2048K, 88 young (180224K), 1 survivors (2048K)
 Metaspace       used 40106K, committed 40448K, reserved 1114112K
  class space    used 5074K, committed 5248K, reserved 1048576K
}
Event: 100.416 GC heap after
{Heap after GC invocations=16 (full 0):
 garbage-first heap   total 303104K, used 25125K [0x0000000703000000, 0x0000000800000000)
  region size 2048K, 1 young (2048K), 1 survivors (2048K)
 Metaspace       used 40106K, committed 40448K, reserved 1114112K
  class space    used 5074K, committed 5248K, reserved 1048576K
}
Event: 100.440 GC heap before
{Heap before GC invocations=16 (full 0):
 garbage-first heap   total 303104K, used 201253K [0x0000000703000000, 0x0000000800000000)
  region size 2048K, 88 young (180224K), 1 survivors (2048K)
 Metaspace       used 40106K, committed 40448K, reserved 1114112K
  class space    used 5074K, committed 5248K, reserved 1048576K
}
Event: 100.442 GC heap after
{Heap after GC invocations=17 (full 0):
 garbage-first heap   total 303104K, used 25082K [0x0000000703000000, 0x0000000800000000)
  region size 2048K, 1 young (2048K), 1 survivors (2048K)
 Metaspace       used 40106K, committed 40448K, reserved 1114112K
  class space    used 5074K, committed 5248K, reserved 1048576K
}
Event: 100.466 GC heap before
{Heap before GC invocations=17 (full 0):
 garbage-first heap   total 303104K, used 201210K [0x0000000703000000, 0x0000000800000000)
  region size 2048K, 88 young (180224K), 1 survivors (2048K)
 Metaspace       used 40106K, committed 40448K, reserved 1114112K
  class space    used 5074K, committed 5248K, reserved 1048576K
}
Event: 100.468 GC heap after
{Heap after GC invocations=18 (full 0):
 garbage-first heap   total 303104K, used 25138K [0x0000000703000000, 0x0000000800000000)
  region size 2048K, 1 young (2048K), 1 survivors (2048K)
 Metaspace       used 40106K, committed 40448K, reserved 1114112K
  class space    used 5074K, committed 5248K, reserved 1048576K
}
Event: 100.492 GC heap before
{Heap before GC invocations=18 (full 0):
 garbage-first heap   total 303104K, used 201266K [0x0000000703000000, 0x0000000800000000)
  region size 2048K, 88 young (180224K), 1 survivors (2048K)
 Metaspace       used 40106K, committed 40448K, reserved 1114112K
  class space    used 5074K, committed 5248K, reserved 1048576K
}
Event: 100.496 GC heap after
{Heap after GC invocations=19 (full 0):
 garbage-first heap   total 606208K, used 25118K [0x0000000703000000, 0x0000000800000000)
  region size 2048K, 1 young (2048K), 1 survivors (2048K)
 Metaspace       used 40106K, committed 40448K, reserved 1114112K
  class space    used 5074K, committed 5248K, reserved 1048576K
}
Event: 100.652 GC heap before
{Heap before GC invocations=19 (full 0):
 garbage-first heap   total 606208K, used 383518K [0x0000000703000000, 0x0000000800000000)
  region size 2048K, 177 young (362496K), 1 survivors (2048K)
 Metaspace       used 40106K, committed 40448K, reserved 1114112K
  class space    used 5074K, committed 5248K, reserved 1048576K
}
Event: 100.654 GC heap after
{Heap after GC invocations=20 (full 0):
 garbage-first heap   total 606208K, used 25129K [0x0000000703000000, 0x0000000800000000)
  region size 2048K, 1 young (2048K), 1 survivors (2048K)
 Metaspace       used 40106K, committed 40448K, reserved 1114112K
  class space    used 5074K, committed 5248K, reserved 1048576K
}
Event: 100.698 GC heap before
{Heap before GC invocations=20 (full 0):
 garbage-first heap   total 606208K, used 383529K [0x0000000703000000, 0x0000000800000000)
  region size 2048K, 177 young (362496K), 1 survivors (2048K)
 Metaspace       used 40106K, committed 40448K, reserved 1114112K
  class space    used 5074K, committed 5248K, reserved 1048576K
}
Event: 100.700 GC heap after
{Heap after GC invocations=21 (full 0):
 garbage-first heap   total 606208K, used 25124K [0x0000000703000000, 0x0000000800000000)
  region size 2048K, 1 young (2048K), 1 survivors (2048K)
 Metaspace       used 40106K, committed 40448K, reserved 1114112K
  class space    used 5074K, committed 5248K, reserved 1048576K
}
Event: 100.753 GC heap before
{Heap before GC invocations=21 (full 0):
 garbage-first heap   total 606208K, used 383524K [0x0000000703000000, 0x0000000800000000)
  region size 2048K, 177 young (362496K), 1 survivors (2048K)
 Metaspace       used 40106K, committed 40448K, reserved 1114112K
  class space    used 5074K, committed 5248K, reserved 1048576K
}
Event: 100.755 GC heap after
{Heap after GC invocations=22 (full 0):
 garbage-first heap   total 606208K, used 25141K [0x0000000703000000, 0x0000000800000000)
  region size 2048K, 1 young (2048K), 1 survivors (2048K)
 Metaspace       used 40106K, committed 40448K, reserved 1114112K
  class space    used 5074K, committed 5248K, reserved 1048576K
}
Event: 100.804 GC heap before
{Heap before GC invocations=22 (full 0):
 garbage-first heap   total 606208K, used 383541K [0x0000000703000000, 0x0000000800000000)
  region size 2048K, 177 young (362496K), 1 survivors (2048K)
 Metaspace       used 40106K, committed 40448K, reserved 1114112K
  class space    used 5074K, committed 5248K, reserved 1048576K
}
Event: 100.806 GC heap after
{Heap after GC invocations=23 (full 0):
 garbage-first heap   total 606208K, used 25153K [0x0000000703000000, 0x0000000800000000)
  region size 2048K, 1 young (2048K), 1 survivors (2048K)
 Metaspace       used 40106K, committed 40448K, reserved 1114112K
  class space    used 5074K, committed 5248K, reserved 1048576K
}
Event: 100.849 GC heap before
{Heap before GC invocations=23 (full 0):
 garbage-first heap   total 606208K, used 383553K [0x0000000703000000, 0x0000000800000000)
  region size 2048K, 177 young (362496K), 1 survivors (2048K)
 Metaspace       used 40106K, committed 40448K, reserved 1114112K
  class space    used 5074K, committed 5248K, reserved 1048576K
}

