# JRE version: Java(TM) SE Runtime Environment (19.0+36) (build 19+36-2238)
# Java VM: Java HotSpot(TM) 64-Bit Server VM (19+36-2238, mixed mode, sharing, tiered, compressed oops, compressed class ptrs, g1 gc, windows-amd64)
GC Precious Log:
 CardTable entry size: 512
 Card Set container configuration: InlinePtr #cards 4 size 8 Array Of Cards #cards 8 size 32 Howl #buckets 8 coarsen threshold 3686 Howl Bitmap #cards 512 size 80 coarsen threshold 460 Card regions per heap region 1 cards per card region 4096
 CPUs: 8 total, 8 available
 Memory: 16189M
 Large Page Support: Disabled
 NUMA Support: Disabled
 Compressed Oops: Enabled (Zero based)
 Heap Region Size: 2M
 Heap Min Capacity: 8M
 Heap Initial Capacity: 254M
 Heap Max Capacity: 4048M
 Pre-touch: Disabled
 Parallel Workers: 8
 Concurrent Workers: 2
 Concurrent Refinement Workers: 8
 Periodic GC: Disabled
Heap:
 garbage-first heap   total 489472K, used 21578K [0x0000000703000000, 0x0000000800000000)
  region size 2048K, 1 young (2048K), 1 survivors (2048K)
 Metaspace       used 39559K, committed 39936K, reserved 1114112K
  class space    used 4997K, committed 5184K, reserved 1048576K
GC Heap History (20 events):
Event: 82.748 GC heap after
{Heap after GC invocations=18 (full 0):
 garbage-first heap   total 81920K, used 21578K [0x0000000703000000, 0x0000000800000000)
  region size 2048K, 1 young (2048K), 1 survivors (2048K)
 Metaspace       used 39549K, committed 39936K, reserved 1114112K
  class space    used 4997K, committed 5184K, reserved 1048576K
}
Event: 82.754 GC heap before
{Heap before GC invocations=18 (full 0):
 garbage-first heap   total 81920K, used 60490K [0x0000000703000000, 0x0000000800000000)
  region size 2048K, 21 young (43008K), 1 survivors (2048K)
 Metaspace       used 39552K, committed 39936K, reserved 1114112K
  class space    used 4997K, committed 5184K, reserved 1048576K
}
Event: 82.755 GC heap after
{Heap after GC invocations=19 (full 0):
 garbage-first heap   total 245760K, used 21557K [0x0000000703000000, 0x0000000800000000)
  region size 2048K, 1 young (2048K), 1 survivors (2048K)
 Metaspace       used 39552K, committed 39936K, reserved 1114112K
  class space    used 4997K, committed 5184K, reserved 1048576K
}
Event: 82.808 GC heap before
{Heap before GC invocations=19 (full 0):
 garbage-first heap   total 245760K, used 164917K [0x0000000703000000, 0x0000000800000000)
  region size 2048K, 72 young (147456K), 1 survivors (2048K)
 Metaspace       used 39559K, committed 39936K, reserved 1114112K
  class space    used 4997K, committed 5184K, reserved 1048576K
}
Event: 82.809 GC heap after
{Heap after GC invocations=20 (full 0):
 garbage-first heap   total 245760K, used 21568K [0x0000000703000000, 0x0000000800000000)
  region size 2048K, 1 young (2048K), 1 survivors (2048K)
 Metaspace       used 39559K, committed 39936K, reserved 1114112K
  class space    used 4997K, committed 5184K, reserved 1048576K
}
Event: 82.827 GC heap before
{Heap before GC invocations=20 (full 0):
 garbage-first heap   total 245760K, used 164928K [0x0000000703000000, 0x0000000800000000)
  region size 2048K, 72 young (147456K), 1 survivors (2048K)
 Metaspace       used 39559K, committed 39936K, reserved 1114112K
  class space    used 4997K, committed 5184K, reserved 1048576K
}
Event: 82.828 GC heap after
{Heap after GC invocations=21 (full 0):
 garbage-first heap   total 245760K, used 21568K [0x0000000703000000, 0x0000000800000000)
  region size 2048K, 1 young (2048K), 1 survivors (2048K)
 Metaspace       used 39559K, committed 39936K, reserved 1114112K
  class space    used 4997K, committed 5184K, reserved 1048576K
}
Event: 82.845 GC heap before
{Heap before GC invocations=21 (full 0):
 garbage-first heap   total 245760K, used 164928K [0x0000000703000000, 0x0000000800000000)
  region size 2048K, 72 young (147456K), 1 survivors (2048K)
 Metaspace       used 39559K, committed 39936K, reserved 1114112K
  class space    used 4997K, committed 5184K, reserved 1048576K
}
Event: 82.846 GC heap after
{Heap after GC invocations=22 (full 0):
 garbage-first heap   total 245760K, used 21550K [0x0000000703000000, 0x0000000800000000)
  region size 2048K, 1 young (2048K), 1 survivors (2048K)
 Metaspace       used 39559K, committed 39936K, reserved 1114112K
  class space    used 4997K, committed 5184K, reserved 1048576K
}
Event: 82.863 GC heap before
{Heap before GC invocations=22 (full 0):
 garbage-first heap   total 245760K, used 164910K [0x0000000703000000, 0x0000000800000000)
  region size 2048K, 72 young (147456K), 1 survivors (2048K)
 Metaspace       used 39559K, committed 39936K, reserved 1114112K
  class space    used 4997K, committed 5184K, reserved 1048576K
}
Event: 82.865 GC heap after
{Heap after GC invocations=23 (full 0):
 garbage-first heap   total 489472K, used 21562K [0x0000000703000000, 0x0000000800000000)
  region size 2048K, 1 young (2048K), 1 survivors (2048K)
 Metaspace       used 39559K, committed 39936K, reserved 1114112K
  class space    used 4997K, committed 5184K, reserved 1048576K
}
Event: 82.969 GC heap before
{Heap before GC invocations=23 (full 0):
 garbage-first heap   total 489472K, used 310330K [0x0000000703000000, 0x0000000800000000)
  region size 2048K, 143 young (292864K), 1 survivors (2048K)
 Metaspace       used 39559K, committed 39936K, reserved 1114112K
  class space    used 4997K, committed 5184K, reserved 1048576K
}
Event: 82.970 GC heap after
{Heap after GC invocations=24 (full 0):
 garbage-first heap   total 489472K, used 21543K [0x0000000703000000, 0x0000000800000000)
  region size 2048K, 1 young (2048K), 1 survivors (2048K)
 Metaspace       used 39559K, committed 39936K, reserved 1114112K
  class space    used 4997K, committed 5184K, reserved 1048576K
}
Event: 83.002 GC heap before
{Heap before GC invocations=24 (full 0):
 garbage-first heap   total 489472K, used 310311K [0x0000000703000000, 0x0000000800000000)
  region size 2048K, 143 young (292864K), 1 survivors (2048K)
 Metaspace       used 39559K, committed 39936K, reserved 1114112K
  class space    used 4997K, committed 5184K, reserved 1048576K
}
Event: 83.003 GC heap after
{Heap after GC invocations=25 (full 0):
 garbage-first heap   total 489472K, used 21556K [0x0000000703000000, 0x0000000800000000)
  region size 2048K, 1 young (2048K), 1 survivors (2048K)
 Metaspace       used 39559K, committed 39936K, reserved 1114112K
  class space    used 4997K, committed 5184K, reserved 1048576K
}
Event: 83.035 GC heap before
{Heap before GC invocations=25 (full 0):
 garbage-first heap   total 489472K, used 310324K [0x0000000703000000, 0x0000000800000000)
  region size 2048K, 143 young (292864K), 1 survivors (2048K)
 Metaspace       used 39559K, committed 39936K, reserved 1114112K
  class space    used 4997K, committed 5184K, reserved 1048576K
}
Event: 83.036 GC heap after
{Heap after GC invocations=26 (full 0):
 garbage-first heap   total 489472K, used 21571K [0x0000000703000000, 0x0000000800000000)
  region size 2048K, 1 young (2048K), 1 survivors (2048K)
 Metaspace       used 39559K, committed 39936K, reserved 1114112K
  class space    used 4997K, committed 5184K, reserved 1048576K
}
Event: 83.068 GC heap before
{Heap before GC invocations=26 (full 0):
 garbage-first heap   total 489472K, used 310339K [0x0000000703000000, 0x0000000800000000)
  region size 2048K, 143 young (292864K), 1 survivors (2048K)
 Metaspace       used 39559K, committed 39936K, reserved 1114112K
  class space    used 4997K, committed 5184K, reserved 1048576K
}
Event: 83.069 GC heap after
{Heap after GC invocations=27 (full 0):
 garbage-first heap   total 489472K, used 21555K [0x0000000703000000, 0x0000000800000000)
  region size 2048K, 1 young (2048K), 1 survivors (2048K)
 Metaspace       used 39559K, committed 39936K, reserved 1114112K
  class space    used 4997K, committed 5184K, reserved 1048576K
}
Event: 83.101 GC heap before
{Heap before GC invocations=27 (full 0):
 garbage-first heap   total 489472K, used 310323K [0x0000000703000000, 0x0000000800000000)
  region size 2048K, 143 young (292864K), 1 survivors (2048K)
 Metaspace       used 39559K, committed 39936K, reserved 1114112K
  class space    used 4997K, committed 5184K, reserved 1048576K
}

