# JRE version: Java(TM) SE Runtime Environment (19.0+36) (build 19+36-2238)
# Java VM: Java HotSpot(TM) 64-Bit Server VM (19+36-2238, mixed mode, sharing, tiered, compressed oops, compressed class ptrs, g1 gc, windows-amd64)
GC Precious Log:
 CardTable entry size: 512
 Card Set container configuration: InlinePtr #cards 4 size 8 Array Of Cards #cards 8 size 32 Howl #buckets 8 coarsen threshold 3686 Howl Bitmap #cards 512 size 80 coarsen threshold 460 Card regions per heap region 1 cards per card region 4096
 CPUs: 8 total, 8 available
 Memory: 16189M
 Large Page Support: Disabled
 NUMA Support: Disabled
 Compressed Oops: Enabled (Zero based)
 Heap Region Size: 2M
 Heap Min Capacity: 8M
 Heap Initial Capacity: 254M
 Heap Max Capacity: 4048M
 Pre-touch: Disabled
 Parallel Workers: 8
 Concurrent Workers: 2
 Concurrent Refinement Workers: 8
 Periodic GC: Disabled
Heap:
 garbage-first heap   total 651264K, used 19651K [0x0000000703000000, 0x0000000800000000)
  region size 2048K, 1 young (2048K), 1 survivors (2048K)
 Metaspace       used 40067K, committed 40384K, reserved 1114112K
  class space    used 5069K, committed 5248K, reserved 1048576K
GC Heap History (20 events):
Event: 100.449 GC heap after
{Heap after GC invocations=49 (full 0):
 garbage-first heap   total 225280K, used 22705K [0x0000000703000000, 0x0000000800000000)
  region size 2048K, 0 young (0K), 0 survivors (0K)
 Metaspace       used 40067K, committed 40384K, reserved 1114112K
  class space    used 5069K, committed 5248K, reserved 1048576K
}
Event: 100.474 GC heap before
{Heap before GC invocations=49 (full 0):
 garbage-first heap   total 225280K, used 155825K [0x0000000703000000, 0x0000000800000000)
  region size 2048K, 66 young (135168K), 0 survivors (0K)
 Metaspace       used 40067K, committed 40384K, reserved 1114112K
  class space    used 5069K, committed 5248K, reserved 1048576K
}
Event: 100.475 GC heap after
{Heap after GC invocations=50 (full 0):
 garbage-first heap   total 225280K, used 22705K [0x0000000703000000, 0x0000000800000000)
  region size 2048K, 0 young (0K), 0 survivors (0K)
 Metaspace       used 40067K, committed 40384K, reserved 1114112K
  class space    used 5069K, committed 5248K, reserved 1048576K
}
Event: 100.504 GC heap before
{Heap before GC invocations=50 (full 0):
 garbage-first heap   total 225280K, used 155825K [0x0000000703000000, 0x0000000800000000)
  region size 2048K, 66 young (135168K), 0 survivors (0K)
 Metaspace       used 40067K, committed 40384K, reserved 1114112K
  class space    used 5069K, committed 5248K, reserved 1048576K
}
Event: 100.505 GC heap after
{Heap after GC invocations=51 (full 0):
 garbage-first heap   total 225280K, used 22705K [0x0000000703000000, 0x0000000800000000)
  region size 2048K, 0 young (0K), 0 survivors (0K)
 Metaspace       used 40067K, committed 40384K, reserved 1114112K
  class space    used 5069K, committed 5248K, reserved 1048576K
}
Event: 100.538 GC heap before
{Heap before GC invocations=52 (full 0):
 garbage-first heap   total 225280K, used 155825K [0x0000000703000000, 0x0000000800000000)
  region size 2048K, 66 young (135168K), 0 survivors (0K)
 Metaspace       used 40067K, committed 40384K, reserved 1114112K
  class space    used 5069K, committed 5248K, reserved 1048576K
}
Event: 100.539 GC heap after
{Heap after GC invocations=53 (full 0):
 garbage-first heap   total 225280K, used 22705K [0x0000000703000000, 0x0000000800000000)
  region size 2048K, 0 young (0K), 0 survivors (0K)
 Metaspace       used 40067K, committed 40384K, reserved 1114112K
  class space    used 5069K, committed 5248K, reserved 1048576K
}
Event: 100.541 GC heap before
{Heap before GC invocations=53 (full 0):
 garbage-first heap   total 225280K, used 30897K [0x0000000703000000, 0x0000000800000000)
  region size 2048K, 5 young (10240K), 0 survivors (0K)
 Metaspace       used 40067K, committed 40384K, reserved 1114112K
  class space    used 5069K, committed 5248K, reserved 1048576K
}
Event: 100.549 GC heap after
{Heap after GC invocations=54 (full 0):
 garbage-first heap   total 651264K, used 21618K [0x0000000703000000, 0x0000000800000000)
  region size 2048K, 0 young (0K), 0 survivors (0K)
 Metaspace       used 40067K, committed 40384K, reserved 1114112K
  class space    used 5069K, committed 5248K, reserved 1048576K
}
Event: 100.984 GC heap before
{Heap before GC invocations=54 (full 0):
 garbage-first heap   total 651264K, used 408690K [0x0000000703000000, 0x0000000800000000)
  region size 2048K, 190 young (389120K), 0 survivors (0K)
 Metaspace       used 40067K, committed 40384K, reserved 1114112K
  class space    used 5069K, committed 5248K, reserved 1048576K
}
Event: 100.986 GC heap after
{Heap after GC invocations=55 (full 0):
 garbage-first heap   total 651264K, used 21618K [0x0000000703000000, 0x0000000800000000)
  region size 2048K, 0 young (0K), 0 survivors (0K)
 Metaspace       used 40067K, committed 40384K, reserved 1114112K
  class space    used 5069K, committed 5248K, reserved 1048576K
}
Event: 101.066 GC heap before
{Heap before GC invocations=56 (full 0):
 garbage-first heap   total 651264K, used 408690K [0x0000000703000000, 0x0000000800000000)
  region size 2048K, 190 young (389120K), 0 survivors (0K)
 Metaspace       used 40067K, committed 40384K, reserved 1114112K
  class space    used 5069K, committed 5248K, reserved 1048576K
}
Event: 101.067 GC heap after
{Heap after GC invocations=57 (full 0):
 garbage-first heap   total 651264K, used 21618K [0x0000000703000000, 0x0000000800000000)
  region size 2048K, 0 young (0K), 0 survivors (0K)
 Metaspace       used 40067K, committed 40384K, reserved 1114112K
  class space    used 5069K, committed 5248K, reserved 1048576K
}
Event: 101.073 GC heap before
{Heap before GC invocations=57 (full 0):
 garbage-first heap   total 651264K, used 50290K [0x0000000703000000, 0x0000000800000000)
  region size 2048K, 15 young (30720K), 0 survivors (0K)
 Metaspace       used 40067K, committed 40384K, reserved 1114112K
  class space    used 5069K, committed 5248K, reserved 1048576K
}
Event: 101.075 GC heap after
{Heap after GC invocations=58 (full 0):
 garbage-first heap   total 651264K, used 20599K [0x0000000703000000, 0x0000000800000000)
  region size 2048K, 0 young (0K), 0 survivors (0K)
 Metaspace       used 40067K, committed 40384K, reserved 1114112K
  class space    used 5069K, committed 5248K, reserved 1048576K
}
Event: 101.149 GC heap before
{Heap before GC invocations=58 (full 0):
 garbage-first heap   total 651264K, used 407671K [0x0000000703000000, 0x0000000800000000)
  region size 2048K, 190 young (389120K), 0 survivors (0K)
 Metaspace       used 40067K, committed 40384K, reserved 1114112K
  class space    used 5069K, committed 5248K, reserved 1048576K
}
Event: 101.151 GC heap after
{Heap after GC invocations=59 (full 0):
 garbage-first heap   total 651264K, used 20599K [0x0000000703000000, 0x0000000800000000)
  region size 2048K, 0 young (0K), 0 survivors (0K)
 Metaspace       used 40067K, committed 40384K, reserved 1114112K
  class space    used 5069K, committed 5248K, reserved 1048576K
}
Event: 101.219 GC heap before
{Heap before GC invocations=60 (full 0):
 garbage-first heap   total 651264K, used 407671K [0x0000000703000000, 0x0000000800000000)
  region size 2048K, 190 young (389120K), 0 survivors (0K)
 Metaspace       used 40067K, committed 40384K, reserved 1114112K
  class space    used 5069K, committed 5248K, reserved 1048576K
}
Event: 101.220 GC heap after
{Heap after GC invocations=61 (full 0):
 garbage-first heap   total 651264K, used 20613K [0x0000000703000000, 0x0000000800000000)
  region size 2048K, 1 young (2048K), 1 survivors (2048K)
 Metaspace       used 40067K, committed 40384K, reserved 1114112K
  class space    used 5069K, committed 5248K, reserved 1048576K
}
Event: 101.225 GC heap before
{Heap before GC invocations=61 (full 0):
 garbage-first heap   total 651264K, used 47237K [0x0000000703000000, 0x0000000800000000)
  region size 2048K, 15 young (30720K), 1 survivors (2048K)
 Metaspace       used 40067K, committed 40384K, reserved 1114112K
  class space    used 5069K, committed 5248K, reserved 1048576K
}

