# JRE version: Java(TM) SE Runtime Environment (19.0+36) (build 19+36-2238)
# Java VM: Java HotSpot(TM) 64-Bit Server VM (19+36-2238, mixed mode, sharing, tiered, compressed oops, compressed class ptrs, g1 gc, windows-amd64)
GC Precious Log:
 CardTable entry size: 512
 Card Set container configuration: InlinePtr #cards 4 size 8 Array Of Cards #cards 8 size 32 Howl #buckets 8 coarsen threshold 3686 Howl Bitmap #cards 512 size 80 coarsen threshold 460 Card regions per heap region 1 cards per card region 4096
 CPUs: 8 total, 8 available
 Memory: 16189M
 Large Page Support: Disabled
 NUMA Support: Disabled
 Compressed Oops: Enabled (Zero based)
 Heap Region Size: 2M
 Heap Min Capacity: 8M
 Heap Initial Capacity: 254M
 Heap Max Capacity: 4048M
 Pre-touch: Disabled
 Parallel Workers: 8
 Concurrent Workers: 2
 Concurrent Refinement Workers: 8
 Periodic GC: Disabled
Heap:
 garbage-first heap   total 606208K, used 24202K [0x0000000703000000, 0x0000000800000000)
  region size 2048K, 1 young (2048K), 1 survivors (2048K)
 Metaspace       used 40065K, committed 40384K, reserved 1114112K
  class space    used 5076K, committed 5248K, reserved 1048576K
GC Heap History (20 events):
Event: 83.733 GC heap after
{Heap after GC invocations=15 (full 0):
 garbage-first heap   total 151552K, used 24153K [0x0000000703000000, 0x0000000800000000)
  region size 2048K, 1 young (2048K), 1 survivors (2048K)
 Metaspace       used 40065K, committed 40384K, reserved 1114112K
  class space    used 5076K, committed 5248K, reserved 1048576K
}
Event: 83.746 GC heap before
{Heap before GC invocations=15 (full 0):
 garbage-first heap   total 151552K, used 110169K [0x0000000703000000, 0x0000000800000000)
  region size 2048K, 44 young (90112K), 1 survivors (2048K)
 Metaspace       used 40065K, committed 40384K, reserved 1114112K
  class space    used 5076K, committed 5248K, reserved 1048576K
}
Event: 83.749 GC heap after
{Heap after GC invocations=16 (full 0):
 garbage-first heap   total 303104K, used 24116K [0x0000000703000000, 0x0000000800000000)
  region size 2048K, 1 young (2048K), 1 survivors (2048K)
 Metaspace       used 40065K, committed 40384K, reserved 1114112K
  class space    used 5076K, committed 5248K, reserved 1048576K
}
Event: 83.833 GC heap before
{Heap before GC invocations=16 (full 0):
 garbage-first heap   total 303104K, used 200244K [0x0000000703000000, 0x0000000800000000)
  region size 2048K, 88 young (180224K), 1 survivors (2048K)
 Metaspace       used 40065K, committed 40384K, reserved 1114112K
  class space    used 5076K, committed 5248K, reserved 1048576K
}
Event: 83.836 GC heap after
{Heap after GC invocations=17 (full 0):
 garbage-first heap   total 303104K, used 24157K [0x0000000703000000, 0x0000000800000000)
  region size 2048K, 1 young (2048K), 1 survivors (2048K)
 Metaspace       used 40065K, committed 40384K, reserved 1114112K
  class space    used 5076K, committed 5248K, reserved 1048576K
}
Event: 83.858 GC heap before
{Heap before GC invocations=17 (full 0):
 garbage-first heap   total 303104K, used 200285K [0x0000000703000000, 0x0000000800000000)
  region size 2048K, 88 young (180224K), 1 survivors (2048K)
 Metaspace       used 40065K, committed 40384K, reserved 1114112K
  class space    used 5076K, committed 5248K, reserved 1048576K
}
Event: 83.860 GC heap after
{Heap after GC invocations=18 (full 0):
 garbage-first heap   total 303104K, used 24163K [0x0000000703000000, 0x0000000800000000)
  region size 2048K, 1 young (2048K), 1 survivors (2048K)
 Metaspace       used 40065K, committed 40384K, reserved 1114112K
  class space    used 5076K, committed 5248K, reserved 1048576K
}
Event: 83.887 GC heap before
{Heap before GC invocations=18 (full 0):
 garbage-first heap   total 303104K, used 200291K [0x0000000703000000, 0x0000000800000000)
  region size 2048K, 88 young (180224K), 1 survivors (2048K)
 Metaspace       used 40065K, committed 40384K, reserved 1114112K
  class space    used 5076K, committed 5248K, reserved 1048576K
}
Event: 83.890 GC heap after
{Heap after GC invocations=19 (full 0):
 garbage-first heap   total 303104K, used 24169K [0x0000000703000000, 0x0000000800000000)
  region size 2048K, 1 young (2048K), 1 survivors (2048K)
 Metaspace       used 40065K, committed 40384K, reserved 1114112K
  class space    used 5076K, committed 5248K, reserved 1048576K
}
Event: 83.916 GC heap before
{Heap before GC invocations=19 (full 0):
 garbage-first heap   total 303104K, used 200297K [0x0000000703000000, 0x0000000800000000)
  region size 2048K, 88 young (180224K), 1 survivors (2048K)
 Metaspace       used 40065K, committed 40384K, reserved 1114112K
  class space    used 5076K, committed 5248K, reserved 1048576K
}
Event: 83.922 GC heap after
{Heap after GC invocations=20 (full 0):
 garbage-first heap   total 606208K, used 24189K [0x0000000703000000, 0x0000000800000000)
  region size 2048K, 1 young (2048K), 1 survivors (2048K)
 Metaspace       used 40065K, committed 40384K, reserved 1114112K
  class space    used 5076K, committed 5248K, reserved 1048576K
}
Event: 84.090 GC heap before
{Heap before GC invocations=20 (full 0):
 garbage-first heap   total 606208K, used 382589K [0x0000000703000000, 0x0000000800000000)
  region size 2048K, 177 young (362496K), 1 survivors (2048K)
 Metaspace       used 40065K, committed 40384K, reserved 1114112K
  class space    used 5076K, committed 5248K, reserved 1048576K
}
Event: 84.092 GC heap after
{Heap after GC invocations=21 (full 0):
 garbage-first heap   total 606208K, used 24203K [0x0000000703000000, 0x0000000800000000)
  region size 2048K, 1 young (2048K), 1 survivors (2048K)
 Metaspace       used 40065K, committed 40384K, reserved 1114112K
  class space    used 5076K, committed 5248K, reserved 1048576K
}
Event: 84.143 GC heap before
{Heap before GC invocations=21 (full 0):
 garbage-first heap   total 606208K, used 382603K [0x0000000703000000, 0x0000000800000000)
  region size 2048K, 177 young (362496K), 1 survivors (2048K)
 Metaspace       used 40065K, committed 40384K, reserved 1114112K
  class space    used 5076K, committed 5248K, reserved 1048576K
}
Event: 84.145 GC heap after
{Heap after GC invocations=22 (full 0):
 garbage-first heap   total 606208K, used 24173K [0x0000000703000000, 0x0000000800000000)
  region size 2048K, 1 young (2048K), 1 survivors (2048K)
 Metaspace       used 40065K, committed 40384K, reserved 1114112K
  class space    used 5076K, committed 5248K, reserved 1048576K
}
Event: 84.193 GC heap before
{Heap before GC invocations=22 (full 0):
 garbage-first heap   total 606208K, used 382573K [0x0000000703000000, 0x0000000800000000)
  region size 2048K, 177 young (362496K), 1 survivors (2048K)
 Metaspace       used 40065K, committed 40384K, reserved 1114112K
  class space    used 5076K, committed 5248K, reserved 1048576K
}
Event: 84.195 GC heap after
{Heap after GC invocations=23 (full 0):
 garbage-first heap   total 606208K, used 24171K [0x0000000703000000, 0x0000000800000000)
  region size 2048K, 1 young (2048K), 1 survivors (2048K)
 Metaspace       used 40065K, committed 40384K, reserved 1114112K
  class space    used 5076K, committed 5248K, reserved 1048576K
}
Event: 84.247 GC heap before
{Heap before GC invocations=23 (full 0):
 garbage-first heap   total 606208K, used 382571K [0x0000000703000000, 0x0000000800000000)
  region size 2048K, 177 young (362496K), 1 survivors (2048K)
 Metaspace       used 40065K, committed 40384K, reserved 1114112K
  class space    used 5076K, committed 5248K, reserved 1048576K
}
Event: 84.249 GC heap after
{Heap after GC invocations=24 (full 0):
 garbage-first heap   total 606208K, used 24226K [0x0000000703000000, 0x0000000800000000)
  region size 2048K, 1 young (2048K), 1 survivors (2048K)
 Metaspace       used 40065K, committed 40384K, reserved 1114112K
  class space    used 5076K, committed 5248K, reserved 1048576K
}
Event: 84.299 GC heap before
{Heap before GC invocations=24 (full 0):
 garbage-first heap   total 606208K, used 382626K [0x0000000703000000, 0x0000000800000000)
  region size 2048K, 177 young (362496K), 1 survivors (2048K)
 Metaspace       used 40065K, committed 40384K, reserved 1114112K
  class space    used 5076K, committed 5248K, reserved 1048576K
}

