# JRE version: Java(TM) SE Runtime Environment (19.0+36) (build 19+36-2238)
# Java VM: Java HotSpot(TM) 64-Bit Server VM (19+36-2238, mixed mode, sharing, tiered, compressed oops, compressed class ptrs, g1 gc, windows-amd64)
GC Precious Log:
 CardTable entry size: 512
 Card Set container configuration: InlinePtr #cards 4 size 8 Array Of Cards #cards 8 size 32 Howl #buckets 8 coarsen threshold 3686 Howl Bitmap #cards 512 size 80 coarsen threshold 460 Card regions per heap region 1 cards per card region 4096
 CPUs: 8 total, 8 available
 Memory: 16189M
 Large Page Support: Disabled
 NUMA Support: Disabled
 Compressed Oops: Enabled (Zero based)
 Heap Region Size: 2M
 Heap Min Capacity: 8M
 Heap Initial Capacity: 254M
 Heap Max Capacity: 4048M
 Pre-touch: Disabled
 Parallel Workers: 8
 Concurrent Workers: 2
 Concurrent Refinement Workers: 8
 Periodic GC: Disabled
Heap:
 garbage-first heap   total 475136K, used 22688K [0x0000000703000000, 0x0000000800000000)
  region size 2048K, 1 young (2048K), 1 survivors (2048K)
 Metaspace       used 40723K, committed 41024K, reserved 1114112K
  class space    used 5098K, committed 5248K, reserved 1048576K
GC Heap History (20 events):
Event: 53.852 GC heap after
{Heap after GC invocations=31 (full 0):
 garbage-first heap   total 473088K, used 22684K [0x0000000703000000, 0x0000000800000000)
  region size 2048K, 1 young (2048K), 1 survivors (2048K)
 Metaspace       used 40723K, committed 41024K, reserved 1114112K
  class space    used 5098K, committed 5248K, reserved 1048576K
}
Event: 54.130 GC heap before
{Heap before GC invocations=31 (full 0):
 garbage-first heap   total 473088K, used 301212K [0x0000000703000000, 0x0000000800000000)
  region size 2048K, 138 young (282624K), 1 survivors (2048K)
 Metaspace       used 40723K, committed 41024K, reserved 1114112K
  class space    used 5098K, committed 5248K, reserved 1048576K
}
Event: 54.131 GC heap after
{Heap after GC invocations=32 (full 0):
 garbage-first heap   total 473088K, used 22688K [0x0000000703000000, 0x0000000800000000)
  region size 2048K, 1 young (2048K), 1 survivors (2048K)
 Metaspace       used 40723K, committed 41024K, reserved 1114112K
  class space    used 5098K, committed 5248K, reserved 1048576K
}
Event: 54.235 GC heap before
{Heap before GC invocations=32 (full 0):
 garbage-first heap   total 473088K, used 301216K [0x0000000703000000, 0x0000000800000000)
  region size 2048K, 138 young (282624K), 1 survivors (2048K)
 Metaspace       used 40723K, committed 41024K, reserved 1114112K
  class space    used 5098K, committed 5248K, reserved 1048576K
}
Event: 54.236 GC heap after
{Heap after GC invocations=33 (full 0):
 garbage-first heap   total 473088K, used 22692K [0x0000000703000000, 0x0000000800000000)
  region size 2048K, 1 young (2048K), 1 survivors (2048K)
 Metaspace       used 40723K, committed 41024K, reserved 1114112K
  class space    used 5098K, committed 5248K, reserved 1048576K
}
Event: 54.324 GC heap before
{Heap before GC invocations=33 (full 0):
 garbage-first heap   total 473088K, used 301220K [0x0000000703000000, 0x0000000800000000)
  region size 2048K, 138 young (282624K), 1 survivors (2048K)
 Metaspace       used 40723K, committed 41024K, reserved 1114112K
  class space    used 5098K, committed 5248K, reserved 1048576K
}
Event: 54.325 GC heap after
{Heap after GC invocations=34 (full 0):
 garbage-first heap   total 473088K, used 22690K [0x0000000703000000, 0x0000000800000000)
  region size 2048K, 1 young (2048K), 1 survivors (2048K)
 Metaspace       used 40723K, committed 41024K, reserved 1114112K
  class space    used 5098K, committed 5248K, reserved 1048576K
}
Event: 54.486 GC heap before
{Heap before GC invocations=35 (full 0):
 garbage-first heap   total 307200K, used 301218K [0x0000000703000000, 0x0000000800000000)
  region size 2048K, 138 young (282624K), 1 survivors (2048K)
 Metaspace       used 40723K, committed 41024K, reserved 1114112K
  class space    used 5098K, committed 5248K, reserved 1048576K
}
Event: 54.487 GC heap after
{Heap after GC invocations=36 (full 0):
 garbage-first heap   total 311296K, used 22701K [0x0000000703000000, 0x0000000800000000)
  region size 2048K, 1 young (2048K), 1 survivors (2048K)
 Metaspace       used 40723K, committed 41024K, reserved 1114112K
  class space    used 5098K, committed 5248K, reserved 1048576K
}
Event: 54.492 GC heap before
{Heap before GC invocations=36 (full 0):
 garbage-first heap   total 311296K, used 32941K [0x0000000703000000, 0x0000000800000000)
  region size 2048K, 7 young (14336K), 1 survivors (2048K)
 Metaspace       used 40723K, committed 41024K, reserved 1114112K
  class space    used 5098K, committed 5248K, reserved 1048576K
}
Event: 54.493 GC heap after
{Heap after GC invocations=37 (full 0):
 garbage-first heap   total 311296K, used 22698K [0x0000000703000000, 0x0000000800000000)
  region size 2048K, 1 young (2048K), 1 survivors (2048K)
 Metaspace       used 40723K, committed 41024K, reserved 1114112K
  class space    used 5098K, committed 5248K, reserved 1048576K
}
Event: 54.554 GC heap before
{Heap before GC invocations=37 (full 0):
 garbage-first heap   total 311296K, used 204970K [0x0000000703000000, 0x0000000800000000)
  region size 2048K, 91 young (186368K), 1 survivors (2048K)
 Metaspace       used 40723K, committed 41024K, reserved 1114112K
  class space    used 5098K, committed 5248K, reserved 1048576K
}
Event: 54.554 GC heap after
{Heap after GC invocations=38 (full 0):
 garbage-first heap   total 311296K, used 22706K [0x0000000703000000, 0x0000000800000000)
  region size 2048K, 1 young (2048K), 1 survivors (2048K)
 Metaspace       used 40723K, committed 41024K, reserved 1114112K
  class space    used 5098K, committed 5248K, reserved 1048576K
}
Event: 54.612 GC heap before
{Heap before GC invocations=38 (full 0):
 garbage-first heap   total 311296K, used 204978K [0x0000000703000000, 0x0000000800000000)
  region size 2048K, 91 young (186368K), 1 survivors (2048K)
 Metaspace       used 40723K, committed 41024K, reserved 1114112K
  class space    used 5098K, committed 5248K, reserved 1048576K
}
Event: 54.612 GC heap after
{Heap after GC invocations=39 (full 0):
 garbage-first heap   total 311296K, used 22706K [0x0000000703000000, 0x0000000800000000)
  region size 2048K, 1 young (2048K), 1 survivors (2048K)
 Metaspace       used 40723K, committed 41024K, reserved 1114112K
  class space    used 5098K, committed 5248K, reserved 1048576K
}
Event: 54.663 GC heap before
{Heap before GC invocations=39 (full 0):
 garbage-first heap   total 311296K, used 204978K [0x0000000703000000, 0x0000000800000000)
  region size 2048K, 91 young (186368K), 1 survivors (2048K)
 Metaspace       used 40723K, committed 41024K, reserved 1114112K
  class space    used 5098K, committed 5248K, reserved 1048576K
}
Event: 54.664 GC heap after
{Heap after GC invocations=40 (full 0):
 garbage-first heap   total 311296K, used 22704K [0x0000000703000000, 0x0000000800000000)
  region size 2048K, 1 young (2048K), 1 survivors (2048K)
 Metaspace       used 40723K, committed 41024K, reserved 1114112K
  class space    used 5098K, committed 5248K, reserved 1048576K
}
Event: 54.717 GC heap before
{Heap before GC invocations=41 (full 0):
 garbage-first heap   total 294912K, used 204976K [0x0000000703000000, 0x0000000800000000)
  region size 2048K, 91 young (186368K), 1 survivors (2048K)
 Metaspace       used 40723K, committed 41024K, reserved 1114112K
  class space    used 5098K, committed 5248K, reserved 1048576K
}
Event: 54.718 GC heap after
{Heap after GC invocations=42 (full 0):
 garbage-first heap   total 294912K, used 22704K [0x0000000703000000, 0x0000000800000000)
  region size 2048K, 1 young (2048K), 1 survivors (2048K)
 Metaspace       used 40723K, committed 41024K, reserved 1114112K
  class space    used 5098K, committed 5248K, reserved 1048576K
}
Event: 54.721 GC heap before
{Heap before GC invocations=42 (full 0):
 garbage-first heap   total 294912K, used 32944K [0x0000000703000000, 0x0000000800000000)
  region size 2048K, 7 young (14336K), 1 survivors (2048K)
 Metaspace       used 40723K, committed 41024K, reserved 1114112K
  class space    used 5098K, committed 5248K, reserved 1048576K
}

