# JRE version: Java(TM) SE Runtime Environment (19.0+36) (build 19+36-2238)
# Java VM: Java HotSpot(TM) 64-Bit Server VM (19+36-2238, mixed mode, sharing, tiered, compressed oops, compressed class ptrs, g1 gc, windows-amd64)
GC Precious Log:
 CardTable entry size: 512
 Card Set container configuration: InlinePtr #cards 4 size 8 Array Of Cards #cards 8 size 32 Howl #buckets 8 coarsen threshold 3686 Howl Bitmap #cards 512 size 80 coarsen threshold 460 Card regions per heap region 1 cards per card region 4096
 CPUs: 8 total, 8 available
 Memory: 16189M
 Large Page Support: Disabled
 NUMA Support: Disabled
 Compressed Oops: Enabled (Zero based)
 Heap Region Size: 2M
 Heap Min Capacity: 8M
 Heap Initial Capacity: 254M
 Heap Max Capacity: 4048M
 Pre-touch: Disabled
 Parallel Workers: 8
 Concurrent Workers: 2
 Concurrent Refinement Workers: 8
 Periodic GC: Disabled
Heap:
 garbage-first heap   total 561152K, used 40958K [0x0000000703000000, 0x0000000800000000)
  region size 2048K, 1 young (2048K), 1 survivors (2048K)
 Metaspace       used 41798K, committed 42112K, reserved 1114112K
  class space    used 5209K, committed 5376K, reserved 1048576K
GC Heap History (20 events):
Event: 98.673 GC heap after
{Heap after GC invocations=16 (full 0):
 garbage-first heap   total 235520K, used 41937K [0x0000000703000000, 0x0000000800000000)
  region size 2048K, 2 young (4096K), 2 survivors (4096K)
 Metaspace       used 41535K, committed 41856K, reserved 1114112K
  class space    used 5190K, committed 5312K, reserved 1048576K
}
Event: 98.847 GC heap before
{Heap before GC invocations=16 (full 0):
 garbage-first heap   total 235520K, used 48081K [0x0000000703000000, 0x0000000800000000)
  region size 2048K, 5 young (10240K), 2 survivors (4096K)
 Metaspace       used 41770K, committed 42112K, reserved 1114112K
  class space    used 5208K, committed 5376K, reserved 1048576K
}
Event: 98.849 GC heap after
{Heap after GC invocations=17 (full 0):
 garbage-first heap   total 235520K, used 42639K [0x0000000703000000, 0x0000000800000000)
  region size 2048K, 1 young (2048K), 1 survivors (2048K)
 Metaspace       used 41770K, committed 42112K, reserved 1114112K
  class space    used 5208K, committed 5376K, reserved 1048576K
}
Event: 127.522 GC heap before
{Heap before GC invocations=17 (full 0):
 garbage-first heap   total 235520K, used 169615K [0x0000000703000000, 0x0000000800000000)
  region size 2048K, 64 young (131072K), 1 survivors (2048K)
 Metaspace       used 41792K, committed 42112K, reserved 1114112K
  class space    used 5209K, committed 5376K, reserved 1048576K
}
Event: 127.524 GC heap after
{Heap after GC invocations=18 (full 0):
 garbage-first heap   total 235520K, used 43018K [0x0000000703000000, 0x0000000800000000)
  region size 2048K, 1 young (2048K), 1 survivors (2048K)
 Metaspace       used 41792K, committed 42112K, reserved 1114112K
  class space    used 5209K, committed 5376K, reserved 1048576K
}
Event: 127.567 GC heap before
{Heap before GC invocations=18 (full 0):
 garbage-first heap   total 235520K, used 180234K [0x0000000703000000, 0x0000000800000000)
  region size 2048K, 69 young (141312K), 1 survivors (2048K)
 Metaspace       used 41798K, committed 42112K, reserved 1114112K
  class space    used 5209K, committed 5376K, reserved 1048576K
}
Event: 127.569 GC heap after
{Heap after GC invocations=19 (full 0):
 garbage-first heap   total 235520K, used 43000K [0x0000000703000000, 0x0000000800000000)
  region size 2048K, 1 young (2048K), 1 survivors (2048K)
 Metaspace       used 41798K, committed 42112K, reserved 1114112K
  class space    used 5209K, committed 5376K, reserved 1048576K
}
Event: 127.602 GC heap before
{Heap before GC invocations=19 (full 0):
 garbage-first heap   total 294912K, used 179802K [0x0000000703000000, 0x0000000800000000)
  region size 2048K, 69 young (141312K), 1 survivors (2048K)
 Metaspace       used 41798K, committed 42112K, reserved 1114112K
  class space    used 5209K, committed 5376K, reserved 1048576K
}
Event: 127.603 GC heap after
{Heap after GC invocations=20 (full 0):
 garbage-first heap   total 294912K, used 42915K [0x0000000703000000, 0x0000000800000000)
  region size 2048K, 1 young (2048K), 1 survivors (2048K)
 Metaspace       used 41798K, committed 42112K, reserved 1114112K
  class space    used 5209K, committed 5376K, reserved 1048576K
}
Event: 127.644 GC heap before
{Heap before GC invocations=21 (full 0):
 garbage-first heap   total 294912K, used 214947K [0x0000000703000000, 0x0000000800000000)
  region size 2048K, 86 young (176128K), 1 survivors (2048K)
 Metaspace       used 41798K, committed 42112K, reserved 1114112K
  class space    used 5209K, committed 5376K, reserved 1048576K
}
Event: 127.646 GC heap after
{Heap after GC invocations=22 (full 0):
 garbage-first heap   total 561152K, used 42590K [0x0000000703000000, 0x0000000800000000)
  region size 2048K, 1 young (2048K), 1 survivors (2048K)
 Metaspace       used 41798K, committed 42112K, reserved 1114112K
  class space    used 5209K, committed 5376K, reserved 1048576K
}
Event: 127.657 GC heap before
{Heap before GC invocations=22 (full 0):
 garbage-first heap   total 561152K, used 65118K [0x0000000703000000, 0x0000000800000000)
  region size 2048K, 13 young (26624K), 1 survivors (2048K)
 Metaspace       used 41798K, committed 42112K, reserved 1114112K
  class space    used 5209K, committed 5376K, reserved 1048576K
}
Event: 127.659 GC heap after
{Heap after GC invocations=23 (full 0):
 garbage-first heap   total 561152K, used 41432K [0x0000000703000000, 0x0000000800000000)
  region size 2048K, 1 young (2048K), 1 survivors (2048K)
 Metaspace       used 41798K, committed 42112K, reserved 1114112K
  class space    used 5209K, committed 5376K, reserved 1048576K
}
Event: 127.783 GC heap before
{Heap before GC invocations=23 (full 0):
 garbage-first heap   total 561152K, used 373208K [0x0000000703000000, 0x0000000800000000)
  region size 2048K, 164 young (335872K), 1 survivors (2048K)
 Metaspace       used 41798K, committed 42112K, reserved 1114112K
  class space    used 5209K, committed 5376K, reserved 1048576K
}
Event: 127.784 GC heap after
{Heap after GC invocations=24 (full 0):
 garbage-first heap   total 561152K, used 41266K [0x0000000703000000, 0x0000000800000000)
  region size 2048K, 1 young (2048K), 1 survivors (2048K)
 Metaspace       used 41798K, committed 42112K, reserved 1114112K
  class space    used 5209K, committed 5376K, reserved 1048576K
}
Event: 127.837 GC heap before
{Heap before GC invocations=25 (full 0):
 garbage-first heap   total 561152K, used 373042K [0x0000000703000000, 0x0000000800000000)
  region size 2048K, 164 young (335872K), 1 survivors (2048K)
 Metaspace       used 41798K, committed 42112K, reserved 1114112K
  class space    used 5209K, committed 5376K, reserved 1048576K
}
Event: 127.838 GC heap after
{Heap after GC invocations=26 (full 0):
 garbage-first heap   total 561152K, used 41106K [0x0000000703000000, 0x0000000800000000)
  region size 2048K, 1 young (2048K), 1 survivors (2048K)
 Metaspace       used 41798K, committed 42112K, reserved 1114112K
  class space    used 5209K, committed 5376K, reserved 1048576K
}
Event: 127.841 GC heap before
{Heap before GC invocations=26 (full 0):
 garbage-first heap   total 561152K, used 63634K [0x0000000703000000, 0x0000000800000000)
  region size 2048K, 13 young (26624K), 1 survivors (2048K)
 Metaspace       used 41798K, committed 42112K, reserved 1114112K
  class space    used 5209K, committed 5376K, reserved 1048576K
}
Event: 127.843 GC heap after
{Heap after GC invocations=27 (full 0):
 garbage-first heap   total 561152K, used 40476K [0x0000000703000000, 0x0000000800000000)
  region size 2048K, 1 young (2048K), 1 survivors (2048K)
 Metaspace       used 41798K, committed 42112K, reserved 1114112K
  class space    used 5209K, committed 5376K, reserved 1048576K
}
Event: 127.897 GC heap before
{Heap before GC invocations=27 (full 0):
 garbage-first heap   total 561152K, used 372252K [0x0000000703000000, 0x0000000800000000)
  region size 2048K, 164 young (335872K), 1 survivors (2048K)
 Metaspace       used 41798K, committed 42112K, reserved 1114112K
  class space    used 5209K, committed 5376K, reserved 1048576K
}

