# JRE version: Java(TM) SE Runtime Environment (19.0+36) (build 19+36-2238)
# Java VM: Java HotSpot(TM) 64-Bit Server VM (19+36-2238, mixed mode, sharing, tiered, compressed oops, compressed class ptrs, g1 gc, windows-amd64)
GC Precious Log:
 CardTable entry size: 512
 Card Set container configuration: InlinePtr #cards 4 size 8 Array Of Cards #cards 8 size 32 Howl #buckets 8 coarsen threshold 3686 Howl Bitmap #cards 512 size 80 coarsen threshold 460 Card regions per heap region 1 cards per card region 4096
 CPUs: 8 total, 8 available
 Memory: 16189M
 Large Page Support: Disabled
 NUMA Support: Disabled
 Compressed Oops: Enabled (Zero based)
 Heap Region Size: 2M
 Heap Min Capacity: 8M
 Heap Initial Capacity: 254M
 Heap Max Capacity: 4048M
 Pre-touch: Disabled
 Parallel Workers: 8
 Concurrent Workers: 2
 Concurrent Refinement Workers: 8
 Periodic GC: Disabled
Heap:
 garbage-first heap   total 606208K, used 25497K [0x0000000703000000, 0x0000000800000000)
  region size 2048K, 1 young (2048K), 1 survivors (2048K)
 Metaspace       used 40062K, committed 40384K, reserved 1114112K
  class space    used 5076K, committed 5248K, reserved 1048576K
GC Heap History (20 events):
Event: 35.869 GC heap after
{Heap after GC invocations=15 (full 0):
 garbage-first heap   total 151552K, used 25447K [0x0000000703000000, 0x0000000800000000)
  region size 2048K, 1 young (2048K), 1 survivors (2048K)
 Metaspace       used 40062K, committed 40384K, reserved 1114112K
  class space    used 5076K, committed 5248K, reserved 1048576K
}
Event: 35.880 GC heap before
{Heap before GC invocations=15 (full 0):
 garbage-first heap   total 151552K, used 111463K [0x0000000703000000, 0x0000000800000000)
  region size 2048K, 44 young (90112K), 1 survivors (2048K)
 Metaspace       used 40062K, committed 40384K, reserved 1114112K
  class space    used 5076K, committed 5248K, reserved 1048576K
}
Event: 35.883 GC heap after
{Heap after GC invocations=16 (full 0):
 garbage-first heap   total 303104K, used 25480K [0x0000000703000000, 0x0000000800000000)
  region size 2048K, 1 young (2048K), 1 survivors (2048K)
 Metaspace       used 40062K, committed 40384K, reserved 1114112K
  class space    used 5076K, committed 5248K, reserved 1048576K
}
Event: 35.957 GC heap before
{Heap before GC invocations=16 (full 0):
 garbage-first heap   total 303104K, used 201608K [0x0000000703000000, 0x0000000800000000)
  region size 2048K, 88 young (180224K), 1 survivors (2048K)
 Metaspace       used 40062K, committed 40384K, reserved 1114112K
  class space    used 5076K, committed 5248K, reserved 1048576K
}
Event: 35.959 GC heap after
{Heap after GC invocations=17 (full 0):
 garbage-first heap   total 303104K, used 25488K [0x0000000703000000, 0x0000000800000000)
  region size 2048K, 1 young (2048K), 1 survivors (2048K)
 Metaspace       used 40062K, committed 40384K, reserved 1114112K
  class space    used 5076K, committed 5248K, reserved 1048576K
}
Event: 35.984 GC heap before
{Heap before GC invocations=17 (full 0):
 garbage-first heap   total 303104K, used 201616K [0x0000000703000000, 0x0000000800000000)
  region size 2048K, 88 young (180224K), 1 survivors (2048K)
 Metaspace       used 40062K, committed 40384K, reserved 1114112K
  class space    used 5076K, committed 5248K, reserved 1048576K
}
Event: 35.986 GC heap after
{Heap after GC invocations=18 (full 0):
 garbage-first heap   total 303104K, used 25475K [0x0000000703000000, 0x0000000800000000)
  region size 2048K, 1 young (2048K), 1 survivors (2048K)
 Metaspace       used 40062K, committed 40384K, reserved 1114112K
  class space    used 5076K, committed 5248K, reserved 1048576K
}
Event: 36.010 GC heap before
{Heap before GC invocations=18 (full 0):
 garbage-first heap   total 303104K, used 201603K [0x0000000703000000, 0x0000000800000000)
  region size 2048K, 88 young (180224K), 1 survivors (2048K)
 Metaspace       used 40062K, committed 40384K, reserved 1114112K
  class space    used 5076K, committed 5248K, reserved 1048576K
}
Event: 36.012 GC heap after
{Heap after GC invocations=19 (full 0):
 garbage-first heap   total 303104K, used 25455K [0x0000000703000000, 0x0000000800000000)
  region size 2048K, 1 young (2048K), 1 survivors (2048K)
 Metaspace       used 40062K, committed 40384K, reserved 1114112K
  class space    used 5076K, committed 5248K, reserved 1048576K
}
Event: 36.038 GC heap before
{Heap before GC invocations=19 (full 0):
 garbage-first heap   total 303104K, used 201583K [0x0000000703000000, 0x0000000800000000)
  region size 2048K, 88 young (180224K), 1 survivors (2048K)
 Metaspace       used 40062K, committed 40384K, reserved 1114112K
  class space    used 5076K, committed 5248K, reserved 1048576K
}
Event: 36.044 GC heap after
{Heap after GC invocations=20 (full 0):
 garbage-first heap   total 606208K, used 25440K [0x0000000703000000, 0x0000000800000000)
  region size 2048K, 1 young (2048K), 1 survivors (2048K)
 Metaspace       used 40062K, committed 40384K, reserved 1114112K
  class space    used 5076K, committed 5248K, reserved 1048576K
}
Event: 36.221 GC heap before
{Heap before GC invocations=20 (full 0):
 garbage-first heap   total 606208K, used 383840K [0x0000000703000000, 0x0000000800000000)
  region size 2048K, 177 young (362496K), 1 survivors (2048K)
 Metaspace       used 40062K, committed 40384K, reserved 1114112K
  class space    used 5076K, committed 5248K, reserved 1048576K
}
Event: 36.222 GC heap after
{Heap after GC invocations=21 (full 0):
 garbage-first heap   total 606208K, used 25452K [0x0000000703000000, 0x0000000800000000)
  region size 2048K, 1 young (2048K), 1 survivors (2048K)
 Metaspace       used 40062K, committed 40384K, reserved 1114112K
  class space    used 5076K, committed 5248K, reserved 1048576K
}
Event: 36.275 GC heap before
{Heap before GC invocations=21 (full 0):
 garbage-first heap   total 606208K, used 383852K [0x0000000703000000, 0x0000000800000000)
  region size 2048K, 177 young (362496K), 1 survivors (2048K)
 Metaspace       used 40062K, committed 40384K, reserved 1114112K
  class space    used 5076K, committed 5248K, reserved 1048576K
}
Event: 36.277 GC heap after
{Heap after GC invocations=22 (full 0):
 garbage-first heap   total 606208K, used 25454K [0x0000000703000000, 0x0000000800000000)
  region size 2048K, 1 young (2048K), 1 survivors (2048K)
 Metaspace       used 40062K, committed 40384K, reserved 1114112K
  class space    used 5076K, committed 5248K, reserved 1048576K
}
Event: 36.324 GC heap before
{Heap before GC invocations=22 (full 0):
 garbage-first heap   total 606208K, used 383854K [0x0000000703000000, 0x0000000800000000)
  region size 2048K, 177 young (362496K), 1 survivors (2048K)
 Metaspace       used 40062K, committed 40384K, reserved 1114112K
  class space    used 5076K, committed 5248K, reserved 1048576K
}
Event: 36.326 GC heap after
{Heap after GC invocations=23 (full 0):
 garbage-first heap   total 606208K, used 25418K [0x0000000703000000, 0x0000000800000000)
  region size 2048K, 1 young (2048K), 1 survivors (2048K)
 Metaspace       used 40062K, committed 40384K, reserved 1114112K
  class space    used 5076K, committed 5248K, reserved 1048576K
}
Event: 36.379 GC heap before
{Heap before GC invocations=23 (full 0):
 garbage-first heap   total 606208K, used 383818K [0x0000000703000000, 0x0000000800000000)
  region size 2048K, 177 young (362496K), 1 survivors (2048K)
 Metaspace       used 40062K, committed 40384K, reserved 1114112K
  class space    used 5076K, committed 5248K, reserved 1048576K
}
Event: 36.381 GC heap after
{Heap after GC invocations=24 (full 0):
 garbage-first heap   total 606208K, used 25481K [0x0000000703000000, 0x0000000800000000)
  region size 2048K, 1 young (2048K), 1 survivors (2048K)
 Metaspace       used 40062K, committed 40384K, reserved 1114112K
  class space    used 5076K, committed 5248K, reserved 1048576K
}
Event: 36.431 GC heap before
{Heap before GC invocations=24 (full 0):
 garbage-first heap   total 606208K, used 383881K [0x0000000703000000, 0x0000000800000000)
  region size 2048K, 177 young (362496K), 1 survivors (2048K)
 Metaspace       used 40062K, committed 40384K, reserved 1114112K
  class space    used 5076K, committed 5248K, reserved 1048576K
}

