# JRE version: Java(TM) SE Runtime Environment (19.0+36) (build 19+36-2238)
# Java VM: Java HotSpot(TM) 64-Bit Server VM (19+36-2238, mixed mode, sharing, tiered, compressed oops, compressed class ptrs, g1 gc, windows-amd64)
GC Precious Log:
 CardTable entry size: 512
 Card Set container configuration: InlinePtr #cards 4 size 8 Array Of Cards #cards 8 size 32 Howl #buckets 8 coarsen threshold 3686 Howl Bitmap #cards 512 size 80 coarsen threshold 460 Card regions per heap region 1 cards per card region 4096
 CPUs: 8 total, 8 available
 Memory: 16189M
 Large Page Support: Disabled
 NUMA Support: Disabled
 Compressed Oops: Enabled (Zero based)
 Heap Region Size: 2M
 Heap Min Capacity: 8M
 Heap Initial Capacity: 254M
 Heap Max Capacity: 4048M
 Pre-touch: Disabled
 Parallel Workers: 8
 Concurrent Workers: 2
 Concurrent Refinement Workers: 8
 Periodic GC: Disabled
Heap:
 garbage-first heap   total 595968K, used 30973K [0x0000000703000000, 0x0000000800000000)
  region size 2048K, 1 young (2048K), 1 survivors (2048K)
 Metaspace       used 40187K, committed 40512K, reserved 1114112K
  class space    used 5077K, committed 5248K, reserved 1048576K
GC Heap History (20 events):
Event: 69.240 GC heap after
{Heap after GC invocations=19 (full 0):
 garbage-first heap   total 151552K, used 30880K [0x0000000703000000, 0x0000000800000000)
  region size 2048K, 1 young (2048K), 1 survivors (2048K)
 Metaspace       used 40187K, committed 40512K, reserved 1114112K
  class space    used 5077K, committed 5248K, reserved 1048576K
}
Event: 69.252 GC heap before
{Heap before GC invocations=19 (full 0):
 garbage-first heap   total 151552K, used 116896K [0x0000000703000000, 0x0000000800000000)
  region size 2048K, 44 young (90112K), 1 survivors (2048K)
 Metaspace       used 40187K, committed 40512K, reserved 1114112K
  class space    used 5077K, committed 5248K, reserved 1048576K
}
Event: 69.255 GC heap after
{Heap after GC invocations=20 (full 0):
 garbage-first heap   total 303104K, used 30840K [0x0000000703000000, 0x0000000800000000)
  region size 2048K, 1 young (2048K), 1 survivors (2048K)
 Metaspace       used 40187K, committed 40512K, reserved 1114112K
  class space    used 5077K, committed 5248K, reserved 1048576K
}
Event: 69.330 GC heap before
{Heap before GC invocations=20 (full 0):
 garbage-first heap   total 303104K, used 206968K [0x0000000703000000, 0x0000000800000000)
  region size 2048K, 88 young (180224K), 1 survivors (2048K)
 Metaspace       used 40187K, committed 40512K, reserved 1114112K
  class space    used 5077K, committed 5248K, reserved 1048576K
}
Event: 69.331 GC heap after
{Heap after GC invocations=21 (full 0):
 garbage-first heap   total 303104K, used 30942K [0x0000000703000000, 0x0000000800000000)
  region size 2048K, 1 young (2048K), 1 survivors (2048K)
 Metaspace       used 40187K, committed 40512K, reserved 1114112K
  class space    used 5077K, committed 5248K, reserved 1048576K
}
Event: 69.356 GC heap before
{Heap before GC invocations=21 (full 0):
 garbage-first heap   total 303104K, used 207070K [0x0000000703000000, 0x0000000800000000)
  region size 2048K, 88 young (180224K), 1 survivors (2048K)
 Metaspace       used 40187K, committed 40512K, reserved 1114112K
  class space    used 5077K, committed 5248K, reserved 1048576K
}
Event: 69.357 GC heap after
{Heap after GC invocations=22 (full 0):
 garbage-first heap   total 303104K, used 30922K [0x0000000703000000, 0x0000000800000000)
  region size 2048K, 1 young (2048K), 1 survivors (2048K)
 Metaspace       used 40187K, committed 40512K, reserved 1114112K
  class space    used 5077K, committed 5248K, reserved 1048576K
}
Event: 69.381 GC heap before
{Heap before GC invocations=22 (full 0):
 garbage-first heap   total 303104K, used 207050K [0x0000000703000000, 0x0000000800000000)
  region size 2048K, 88 young (180224K), 1 survivors (2048K)
 Metaspace       used 40187K, committed 40512K, reserved 1114112K
  class space    used 5077K, committed 5248K, reserved 1048576K
}
Event: 69.383 GC heap after
{Heap after GC invocations=23 (full 0):
 garbage-first heap   total 303104K, used 30859K [0x0000000703000000, 0x0000000800000000)
  region size 2048K, 1 young (2048K), 1 survivors (2048K)
 Metaspace       used 40187K, committed 40512K, reserved 1114112K
  class space    used 5077K, committed 5248K, reserved 1048576K
}
Event: 69.407 GC heap before
{Heap before GC invocations=23 (full 0):
 garbage-first heap   total 303104K, used 206987K [0x0000000703000000, 0x0000000800000000)
  region size 2048K, 88 young (180224K), 1 survivors (2048K)
 Metaspace       used 40187K, committed 40512K, reserved 1114112K
  class space    used 5077K, committed 5248K, reserved 1048576K
}
Event: 69.412 GC heap after
{Heap after GC invocations=24 (full 0):
 garbage-first heap   total 595968K, used 30915K [0x0000000703000000, 0x0000000800000000)
  region size 2048K, 1 young (2048K), 1 survivors (2048K)
 Metaspace       used 40187K, committed 40512K, reserved 1114112K
  class space    used 5077K, committed 5248K, reserved 1048576K
}
Event: 69.650 GC heap before
{Heap before GC invocations=24 (full 0):
 garbage-first heap   total 595968K, used 383171K [0x0000000703000000, 0x0000000800000000)
  region size 2048K, 174 young (356352K), 1 survivors (2048K)
 Metaspace       used 40187K, committed 40512K, reserved 1114112K
  class space    used 5077K, committed 5248K, reserved 1048576K
}
Event: 69.652 GC heap after
{Heap after GC invocations=25 (full 0):
 garbage-first heap   total 595968K, used 30894K [0x0000000703000000, 0x0000000800000000)
  region size 2048K, 1 young (2048K), 1 survivors (2048K)
 Metaspace       used 40187K, committed 40512K, reserved 1114112K
  class space    used 5077K, committed 5248K, reserved 1048576K
}
Event: 69.696 GC heap before
{Heap before GC invocations=25 (full 0):
 garbage-first heap   total 595968K, used 383150K [0x0000000703000000, 0x0000000800000000)
  region size 2048K, 174 young (356352K), 1 survivors (2048K)
 Metaspace       used 40187K, committed 40512K, reserved 1114112K
  class space    used 5077K, committed 5248K, reserved 1048576K
}
Event: 69.697 GC heap after
{Heap after GC invocations=26 (full 0):
 garbage-first heap   total 595968K, used 30966K [0x0000000703000000, 0x0000000800000000)
  region size 2048K, 1 young (2048K), 1 survivors (2048K)
 Metaspace       used 40187K, committed 40512K, reserved 1114112K
  class space    used 5077K, committed 5248K, reserved 1048576K
}
Event: 69.742 GC heap before
{Heap before GC invocations=26 (full 0):
 garbage-first heap   total 595968K, used 383222K [0x0000000703000000, 0x0000000800000000)
  region size 2048K, 174 young (356352K), 1 survivors (2048K)
 Metaspace       used 40187K, committed 40512K, reserved 1114112K
  class space    used 5077K, committed 5248K, reserved 1048576K
}
Event: 69.743 GC heap after
{Heap after GC invocations=27 (full 0):
 garbage-first heap   total 595968K, used 30958K [0x0000000703000000, 0x0000000800000000)
  region size 2048K, 1 young (2048K), 1 survivors (2048K)
 Metaspace       used 40187K, committed 40512K, reserved 1114112K
  class space    used 5077K, committed 5248K, reserved 1048576K
}
Event: 69.790 GC heap before
{Heap before GC invocations=27 (full 0):
 garbage-first heap   total 595968K, used 383214K [0x0000000703000000, 0x0000000800000000)
  region size 2048K, 174 young (356352K), 1 survivors (2048K)
 Metaspace       used 40187K, committed 40512K, reserved 1114112K
  class space    used 5077K, committed 5248K, reserved 1048576K
}
Event: 69.791 GC heap after
{Heap after GC invocations=28 (full 0):
 garbage-first heap   total 595968K, used 30967K [0x0000000703000000, 0x0000000800000000)
  region size 2048K, 1 young (2048K), 1 survivors (2048K)
 Metaspace       used 40187K, committed 40512K, reserved 1114112K
  class space    used 5077K, committed 5248K, reserved 1048576K
}
Event: 69.837 GC heap before
{Heap before GC invocations=28 (full 0):
 garbage-first heap   total 595968K, used 383223K [0x0000000703000000, 0x0000000800000000)
  region size 2048K, 174 young (356352K), 1 survivors (2048K)
 Metaspace       used 40187K, committed 40512K, reserved 1114112K
  class space    used 5077K, committed 5248K, reserved 1048576K
}

