# JRE version: Java(TM) SE Runtime Environment (19.0+36) (build 19+36-2238)
# Java VM: Java HotSpot(TM) 64-Bit Server VM (19+36-2238, mixed mode, sharing, tiered, compressed oops, compressed class ptrs, g1 gc, windows-amd64)
GC Precious Log:
 CardTable entry size: 512
 Card Set container configuration: InlinePtr #cards 4 size 8 Array Of Cards #cards 8 size 32 Howl #buckets 8 coarsen threshold 3686 Howl Bitmap #cards 512 size 80 coarsen threshold 460 Card regions per heap region 1 cards per card region 4096
 CPUs: 8 total, 8 available
 Memory: 16189M
 Large Page Support: Disabled
 NUMA Support: Disabled
 Compressed Oops: Enabled (Zero based)
 Heap Region Size: 2M
 Heap Min Capacity: 8M
 Heap Initial Capacity: 254M
 Heap Max Capacity: 4048M
 Pre-touch: Disabled
 Parallel Workers: 8
 Concurrent Workers: 2
 Concurrent Refinement Workers: 8
 Periodic GC: Disabled
Heap:
 garbage-first heap   total 606208K, used 24851K [0x0000000703000000, 0x0000000800000000)
  region size 2048K, 1 young (2048K), 1 survivors (2048K)
 Metaspace       used 40055K, committed 40384K, reserved 1114112K
  class space    used 5074K, committed 5248K, reserved 1048576K
GC Heap History (20 events):
Event: 41.139 GC heap after
{Heap after GC invocations=15 (full 0):
 garbage-first heap   total 151552K, used 24832K [0x0000000703000000, 0x0000000800000000)
  region size 2048K, 1 young (2048K), 1 survivors (2048K)
 Metaspace       used 40055K, committed 40384K, reserved 1114112K
  class space    used 5074K, committed 5248K, reserved 1048576K
}
Event: 41.151 GC heap before
{Heap before GC invocations=15 (full 0):
 garbage-first heap   total 151552K, used 110848K [0x0000000703000000, 0x0000000800000000)
  region size 2048K, 44 young (90112K), 1 survivors (2048K)
 Metaspace       used 40055K, committed 40384K, reserved 1114112K
  class space    used 5074K, committed 5248K, reserved 1048576K
}
Event: 41.154 GC heap after
{Heap after GC invocations=16 (full 0):
 garbage-first heap   total 303104K, used 24835K [0x0000000703000000, 0x0000000800000000)
  region size 2048K, 1 young (2048K), 1 survivors (2048K)
 Metaspace       used 40055K, committed 40384K, reserved 1114112K
  class space    used 5074K, committed 5248K, reserved 1048576K
}
Event: 41.219 GC heap before
{Heap before GC invocations=16 (full 0):
 garbage-first heap   total 303104K, used 200963K [0x0000000703000000, 0x0000000800000000)
  region size 2048K, 88 young (180224K), 1 survivors (2048K)
 Metaspace       used 40055K, committed 40384K, reserved 1114112K
  class space    used 5074K, committed 5248K, reserved 1048576K
}
Event: 41.221 GC heap after
{Heap after GC invocations=17 (full 0):
 garbage-first heap   total 303104K, used 24820K [0x0000000703000000, 0x0000000800000000)
  region size 2048K, 1 young (2048K), 1 survivors (2048K)
 Metaspace       used 40055K, committed 40384K, reserved 1114112K
  class space    used 5074K, committed 5248K, reserved 1048576K
}
Event: 41.245 GC heap before
{Heap before GC invocations=17 (full 0):
 garbage-first heap   total 303104K, used 200948K [0x0000000703000000, 0x0000000800000000)
  region size 2048K, 88 young (180224K), 1 survivors (2048K)
 Metaspace       used 40055K, committed 40384K, reserved 1114112K
  class space    used 5074K, committed 5248K, reserved 1048576K
}
Event: 41.247 GC heap after
{Heap after GC invocations=18 (full 0):
 garbage-first heap   total 303104K, used 24855K [0x0000000703000000, 0x0000000800000000)
  region size 2048K, 1 young (2048K), 1 survivors (2048K)
 Metaspace       used 40055K, committed 40384K, reserved 1114112K
  class space    used 5074K, committed 5248K, reserved 1048576K
}
Event: 41.269 GC heap before
{Heap before GC invocations=18 (full 0):
 garbage-first heap   total 303104K, used 200983K [0x0000000703000000, 0x0000000800000000)
  region size 2048K, 88 young (180224K), 1 survivors (2048K)
 Metaspace       used 40055K, committed 40384K, reserved 1114112K
  class space    used 5074K, committed 5248K, reserved 1048576K
}
Event: 41.271 GC heap after
{Heap after GC invocations=19 (full 0):
 garbage-first heap   total 303104K, used 24848K [0x0000000703000000, 0x0000000800000000)
  region size 2048K, 1 young (2048K), 1 survivors (2048K)
 Metaspace       used 40055K, committed 40384K, reserved 1114112K
  class space    used 5074K, committed 5248K, reserved 1048576K
}
Event: 41.298 GC heap before
{Heap before GC invocations=19 (full 0):
 garbage-first heap   total 303104K, used 200976K [0x0000000703000000, 0x0000000800000000)
  region size 2048K, 88 young (180224K), 1 survivors (2048K)
 Metaspace       used 40055K, committed 40384K, reserved 1114112K
  class space    used 5074K, committed 5248K, reserved 1048576K
}
Event: 41.303 GC heap after
{Heap after GC invocations=20 (full 0):
 garbage-first heap   total 606208K, used 24830K [0x0000000703000000, 0x0000000800000000)
  region size 2048K, 1 young (2048K), 1 survivors (2048K)
 Metaspace       used 40055K, committed 40384K, reserved 1114112K
  class space    used 5074K, committed 5248K, reserved 1048576K
}
Event: 41.526 GC heap before
{Heap before GC invocations=20 (full 0):
 garbage-first heap   total 606208K, used 383230K [0x0000000703000000, 0x0000000800000000)
  region size 2048K, 177 young (362496K), 1 survivors (2048K)
 Metaspace       used 40055K, committed 40384K, reserved 1114112K
  class space    used 5074K, committed 5248K, reserved 1048576K
}
Event: 41.528 GC heap after
{Heap after GC invocations=21 (full 0):
 garbage-first heap   total 606208K, used 24782K [0x0000000703000000, 0x0000000800000000)
  region size 2048K, 1 young (2048K), 1 survivors (2048K)
 Metaspace       used 40055K, committed 40384K, reserved 1114112K
  class space    used 5074K, committed 5248K, reserved 1048576K
}
Event: 41.580 GC heap before
{Heap before GC invocations=21 (full 0):
 garbage-first heap   total 606208K, used 383182K [0x0000000703000000, 0x0000000800000000)
  region size 2048K, 177 young (362496K), 1 survivors (2048K)
 Metaspace       used 40055K, committed 40384K, reserved 1114112K
  class space    used 5074K, committed 5248K, reserved 1048576K
}
Event: 41.581 GC heap after
{Heap after GC invocations=22 (full 0):
 garbage-first heap   total 606208K, used 24851K [0x0000000703000000, 0x0000000800000000)
  region size 2048K, 1 young (2048K), 1 survivors (2048K)
 Metaspace       used 40055K, committed 40384K, reserved 1114112K
  class space    used 5074K, committed 5248K, reserved 1048576K
}
Event: 41.627 GC heap before
{Heap before GC invocations=22 (full 0):
 garbage-first heap   total 606208K, used 383251K [0x0000000703000000, 0x0000000800000000)
  region size 2048K, 177 young (362496K), 1 survivors (2048K)
 Metaspace       used 40055K, committed 40384K, reserved 1114112K
  class space    used 5074K, committed 5248K, reserved 1048576K
}
Event: 41.628 GC heap after
{Heap after GC invocations=23 (full 0):
 garbage-first heap   total 606208K, used 24788K [0x0000000703000000, 0x0000000800000000)
  region size 2048K, 1 young (2048K), 1 survivors (2048K)
 Metaspace       used 40055K, committed 40384K, reserved 1114112K
  class space    used 5074K, committed 5248K, reserved 1048576K
}
Event: 41.674 GC heap before
{Heap before GC invocations=23 (full 0):
 garbage-first heap   total 606208K, used 383188K [0x0000000703000000, 0x0000000800000000)
  region size 2048K, 177 young (362496K), 1 survivors (2048K)
 Metaspace       used 40055K, committed 40384K, reserved 1114112K
  class space    used 5074K, committed 5248K, reserved 1048576K
}
Event: 41.675 GC heap after
{Heap after GC invocations=24 (full 0):
 garbage-first heap   total 606208K, used 24805K [0x0000000703000000, 0x0000000800000000)
  region size 2048K, 1 young (2048K), 1 survivors (2048K)
 Metaspace       used 40055K, committed 40384K, reserved 1114112K
  class space    used 5074K, committed 5248K, reserved 1048576K
}
Event: 41.734 GC heap before
{Heap before GC invocations=24 (full 0):
 garbage-first heap   total 606208K, used 383205K [0x0000000703000000, 0x0000000800000000)
  region size 2048K, 177 young (362496K), 1 survivors (2048K)
 Metaspace       used 40055K, committed 40384K, reserved 1114112K
  class space    used 5074K, committed 5248K, reserved 1048576K
}

