# JRE version: Java(TM) SE Runtime Environment (19.0+36) (build 19+36-2238)
# Java VM: Java HotSpot(TM) 64-Bit Server VM (19+36-2238, mixed mode, sharing, tiered, compressed oops, compressed class ptrs, g1 gc, windows-amd64)
GC Precious Log:
 CardTable entry size: 512
 Card Set container configuration: InlinePtr #cards 4 size 8 Array Of Cards #cards 8 size 32 Howl #buckets 8 coarsen threshold 3686 Howl Bitmap #cards 512 size 80 coarsen threshold 460 Card regions per heap region 1 cards per card region 4096
 CPUs: 8 total, 8 available
 Memory: 16189M
 Large Page Support: Disabled
 NUMA Support: Disabled
 Compressed Oops: Enabled (Zero based)
 Heap Region Size: 2M
 Heap Min Capacity: 8M
 Heap Initial Capacity: 254M
 Heap Max Capacity: 4048M
 Pre-touch: Disabled
 Parallel Workers: 8
 Concurrent Workers: 2
 Concurrent Refinement Workers: 8
 Periodic GC: Disabled
Heap:
 garbage-first heap   total 421888K, used 40373K [0x0000000703000000, 0x0000000800000000)
  region size 2048K, 1 young (2048K), 1 survivors (2048K)
 Metaspace       used 39994K, committed 40320K, reserved 1114112K
  class space    used 5036K, committed 5184K, reserved 1048576K
GC Heap History (20 events):
Event: 40.522 GC heap after
{Heap after GC invocations=19 (full 0):
 garbage-first heap   total 155648K, used 41270K [0x0000000703000000, 0x0000000800000000)
  region size 2048K, 1 young (2048K), 1 survivors (2048K)
 Metaspace       used 39841K, committed 40192K, reserved 1114112K
  class space    used 5028K, committed 5184K, reserved 1048576K
}
Event: 40.524 GC heap before
{Heap before GC invocations=19 (full 0):
 garbage-first heap   total 155648K, used 51510K [0x0000000703000000, 0x0000000800000000)
  region size 2048K, 2 young (4096K), 1 survivors (2048K)
 Metaspace       used 39841K, committed 40192K, reserved 1114112K
  class space    used 5028K, committed 5184K, reserved 1048576K
}
Event: 40.525 GC heap after
{Heap after GC invocations=20 (full 0):
 garbage-first heap   total 155648K, used 45391K [0x0000000703000000, 0x0000000800000000)
  region size 2048K, 1 young (2048K), 1 survivors (2048K)
 Metaspace       used 39841K, committed 40192K, reserved 1114112K
  class space    used 5028K, committed 5184K, reserved 1048576K
}
Event: 40.544 GC heap before
{Heap before GC invocations=20 (full 0):
 garbage-first heap   total 155648K, used 65871K [0x0000000703000000, 0x0000000800000000)
  region size 2048K, 2 young (4096K), 1 survivors (2048K)
 Metaspace       used 39842K, committed 40192K, reserved 1114112K
  class space    used 5028K, committed 5184K, reserved 1048576K
}
Event: 40.545 GC heap after
{Heap after GC invocations=21 (full 0):
 garbage-first heap   total 155648K, used 55637K [0x0000000703000000, 0x0000000800000000)
  region size 2048K, 1 young (2048K), 1 survivors (2048K)
 Metaspace       used 39842K, committed 40192K, reserved 1114112K
  class space    used 5028K, committed 5184K, reserved 1048576K
}
Event: 41.107 GC heap before
{Heap before GC invocations=21 (full 0):
 garbage-first heap   total 155648K, used 67925K [0x0000000703000000, 0x0000000800000000)
  region size 2048K, 3 young (6144K), 1 survivors (2048K)
 Metaspace       used 39909K, committed 40192K, reserved 1114112K
  class space    used 5033K, committed 5184K, reserved 1048576K
}
Event: 41.109 GC heap after
{Heap after GC invocations=22 (full 0):
 garbage-first heap   total 155648K, used 41077K [0x0000000703000000, 0x0000000800000000)
  region size 2048K, 2 young (4096K), 2 survivors (4096K)
 Metaspace       used 39909K, committed 40192K, reserved 1114112K
  class space    used 5033K, committed 5184K, reserved 1048576K
}
Event: 41.115 GC heap before
{Heap before GC invocations=22 (full 0):
 garbage-first heap   total 155648K, used 59509K [0x0000000703000000, 0x0000000800000000)
  region size 2048K, 3 young (6144K), 2 survivors (4096K)
 Metaspace       used 39909K, committed 40192K, reserved 1114112K
  class space    used 5033K, committed 5184K, reserved 1048576K
}
Event: 41.117 GC heap after
{Heap after GC invocations=23 (full 0):
 garbage-first heap   total 155648K, used 53432K [0x0000000703000000, 0x0000000800000000)
  region size 2048K, 2 young (4096K), 2 survivors (4096K)
 Metaspace       used 39909K, committed 40192K, reserved 1114112K
  class space    used 5033K, committed 5184K, reserved 1048576K
}
Event: 41.122 GC heap before
{Heap before GC invocations=23 (full 0):
 garbage-first heap   total 155648K, used 78008K [0x0000000703000000, 0x0000000800000000)
  region size 2048K, 3 young (6144K), 2 survivors (4096K)
 Metaspace       used 39909K, committed 40192K, reserved 1114112K
  class space    used 5033K, committed 5184K, reserved 1048576K
}
Event: 41.124 GC heap after
{Heap after GC invocations=24 (full 0):
 garbage-first heap   total 421888K, used 64794K [0x0000000703000000, 0x0000000800000000)
  region size 2048K, 2 young (4096K), 2 survivors (4096K)
 Metaspace       used 39909K, committed 40192K, reserved 1114112K
  class space    used 5033K, committed 5184K, reserved 1048576K
}
Event: 104.731 GC heap before
{Heap before GC invocations=24 (full 0):
 garbage-first heap   total 421888K, used 310554K [0x0000000703000000, 0x0000000800000000)
  region size 2048K, 116 young (237568K), 2 survivors (4096K)
 Metaspace       used 39992K, committed 40320K, reserved 1114112K
  class space    used 5036K, committed 5184K, reserved 1048576K
}
Event: 104.732 GC heap after
{Heap after GC invocations=25 (full 0):
 garbage-first heap   total 421888K, used 40336K [0x0000000703000000, 0x0000000800000000)
  region size 2048K, 1 young (2048K), 1 survivors (2048K)
 Metaspace       used 39992K, committed 40320K, reserved 1114112K
  class space    used 5036K, committed 5184K, reserved 1048576K
}
Event: 104.785 GC heap before
{Heap before GC invocations=25 (full 0):
 garbage-first heap   total 421888K, used 288144K [0x0000000703000000, 0x0000000800000000)
  region size 2048K, 123 young (251904K), 1 survivors (2048K)
 Metaspace       used 39994K, committed 40320K, reserved 1114112K
  class space    used 5036K, committed 5184K, reserved 1048576K
}
Event: 104.786 GC heap after
{Heap after GC invocations=26 (full 0):
 garbage-first heap   total 421888K, used 40359K [0x0000000703000000, 0x0000000800000000)
  region size 2048K, 1 young (2048K), 1 survivors (2048K)
 Metaspace       used 39994K, committed 40320K, reserved 1114112K
  class space    used 5036K, committed 5184K, reserved 1048576K
}
Event: 104.830 GC heap before
{Heap before GC invocations=26 (full 0):
 garbage-first heap   total 421888K, used 288167K [0x0000000703000000, 0x0000000800000000)
  region size 2048K, 123 young (251904K), 1 survivors (2048K)
 Metaspace       used 39994K, committed 40320K, reserved 1114112K
  class space    used 5036K, committed 5184K, reserved 1048576K
}
Event: 104.831 GC heap after
{Heap after GC invocations=27 (full 0):
 garbage-first heap   total 421888K, used 40348K [0x0000000703000000, 0x0000000800000000)
  region size 2048K, 1 young (2048K), 1 survivors (2048K)
 Metaspace       used 39994K, committed 40320K, reserved 1114112K
  class space    used 5036K, committed 5184K, reserved 1048576K
}
Event: 104.893 GC heap before
{Heap before GC invocations=27 (full 0):
 garbage-first heap   total 421888K, used 288156K [0x0000000703000000, 0x0000000800000000)
  region size 2048K, 123 young (251904K), 1 survivors (2048K)
 Metaspace       used 39994K, committed 40320K, reserved 1114112K
  class space    used 5036K, committed 5184K, reserved 1048576K
}
Event: 104.894 GC heap after
{Heap after GC invocations=28 (full 0):
 garbage-first heap   total 421888K, used 40366K [0x0000000703000000, 0x0000000800000000)
  region size 2048K, 1 young (2048K), 1 survivors (2048K)
 Metaspace       used 39994K, committed 40320K, reserved 1114112K
  class space    used 5036K, committed 5184K, reserved 1048576K
}
Event: 104.957 GC heap before
{Heap before GC invocations=28 (full 0):
 garbage-first heap   total 421888K, used 288174K [0x0000000703000000, 0x0000000800000000)
  region size 2048K, 123 young (251904K), 1 survivors (2048K)
 Metaspace       used 39994K, committed 40320K, reserved 1114112K
  class space    used 5036K, committed 5184K, reserved 1048576K
}

