# JRE version: Java(TM) SE Runtime Environment (19.0+36) (build 19+36-2238)
# Java VM: Java HotSpot(TM) 64-Bit Server VM (19+36-2238, mixed mode, sharing, tiered, compressed oops, compressed class ptrs, g1 gc, windows-amd64)
GC Precious Log:
 CardTable entry size: 512
 Card Set container configuration: InlinePtr #cards 4 size 8 Array Of Cards #cards 8 size 32 Howl #buckets 8 coarsen threshold 3686 Howl Bitmap #cards 512 size 80 coarsen threshold 460 Card regions per heap region 1 cards per card region 4096
 CPUs: 8 total, 8 available
 Memory: 16189M
 Large Page Support: Disabled
 NUMA Support: Disabled
 Compressed Oops: Enabled (Zero based)
 Heap Region Size: 2M
 Heap Min Capacity: 8M
 Heap Initial Capacity: 254M
 Heap Max Capacity: 4048M
 Pre-touch: Disabled
 Parallel Workers: 8
 Concurrent Workers: 2
 Concurrent Refinement Workers: 8
 Periodic GC: Disabled
Heap:
 garbage-first heap   total 569344K, used 24740K [0x0000000703000000, 0x0000000800000000)
  region size 2048K, 1 young (2048K), 1 survivors (2048K)
 Metaspace       used 39034K, committed 39424K, reserved 1114112K
  class space    used 4974K, committed 5184K, reserved 1048576K
GC Heap History (20 events):
Event: 80.994 GC heap after
{Heap after GC invocations=16 (full 0):
 garbage-first heap   total 151552K, used 24646K [0x0000000703000000, 0x0000000800000000)
  region size 2048K, 1 young (2048K), 1 survivors (2048K)
 Metaspace       used 39033K, committed 39424K, reserved 1114112K
  class space    used 4974K, committed 5184K, reserved 1048576K
}
Event: 81.008 GC heap before
{Heap before GC invocations=16 (full 0):
 garbage-first heap   total 151552K, used 110662K [0x0000000703000000, 0x0000000800000000)
  region size 2048K, 44 young (90112K), 1 survivors (2048K)
 Metaspace       used 39034K, committed 39424K, reserved 1114112K
  class space    used 4974K, committed 5184K, reserved 1048576K
}
Event: 81.011 GC heap after
{Heap after GC invocations=17 (full 0):
 garbage-first heap   total 296960K, used 24720K [0x0000000703000000, 0x0000000800000000)
  region size 2048K, 1 young (2048K), 1 survivors (2048K)
 Metaspace       used 39034K, committed 39424K, reserved 1114112K
  class space    used 4974K, committed 5184K, reserved 1048576K
}
Event: 81.090 GC heap before
{Heap before GC invocations=17 (full 0):
 garbage-first heap   total 296960K, used 198800K [0x0000000703000000, 0x0000000800000000)
  region size 2048K, 87 young (178176K), 1 survivors (2048K)
 Metaspace       used 39034K, committed 39424K, reserved 1114112K
  class space    used 4974K, committed 5184K, reserved 1048576K
}
Event: 81.092 GC heap after
{Heap after GC invocations=18 (full 0):
 garbage-first heap   total 296960K, used 24723K [0x0000000703000000, 0x0000000800000000)
  region size 2048K, 1 young (2048K), 1 survivors (2048K)
 Metaspace       used 39034K, committed 39424K, reserved 1114112K
  class space    used 4974K, committed 5184K, reserved 1048576K
}
Event: 81.118 GC heap before
{Heap before GC invocations=18 (full 0):
 garbage-first heap   total 296960K, used 198803K [0x0000000703000000, 0x0000000800000000)
  region size 2048K, 87 young (178176K), 1 survivors (2048K)
 Metaspace       used 39034K, committed 39424K, reserved 1114112K
  class space    used 4974K, committed 5184K, reserved 1048576K
}
Event: 81.119 GC heap after
{Heap after GC invocations=19 (full 0):
 garbage-first heap   total 296960K, used 24683K [0x0000000703000000, 0x0000000800000000)
  region size 2048K, 1 young (2048K), 1 survivors (2048K)
 Metaspace       used 39034K, committed 39424K, reserved 1114112K
  class space    used 4974K, committed 5184K, reserved 1048576K
}
Event: 81.145 GC heap before
{Heap before GC invocations=19 (full 0):
 garbage-first heap   total 296960K, used 198763K [0x0000000703000000, 0x0000000800000000)
  region size 2048K, 87 young (178176K), 1 survivors (2048K)
 Metaspace       used 39034K, committed 39424K, reserved 1114112K
  class space    used 4974K, committed 5184K, reserved 1048576K
}
Event: 81.146 GC heap after
{Heap after GC invocations=20 (full 0):
 garbage-first heap   total 296960K, used 24676K [0x0000000703000000, 0x0000000800000000)
  region size 2048K, 1 young (2048K), 1 survivors (2048K)
 Metaspace       used 39034K, committed 39424K, reserved 1114112K
  class space    used 4974K, committed 5184K, reserved 1048576K
}
Event: 81.171 GC heap before
{Heap before GC invocations=20 (full 0):
 garbage-first heap   total 296960K, used 198756K [0x0000000703000000, 0x0000000800000000)
  region size 2048K, 87 young (178176K), 1 survivors (2048K)
 Metaspace       used 39034K, committed 39424K, reserved 1114112K
  class space    used 4974K, committed 5184K, reserved 1048576K
}
Event: 81.175 GC heap after
{Heap after GC invocations=21 (full 0):
 garbage-first heap   total 569344K, used 24692K [0x0000000703000000, 0x0000000800000000)
  region size 2048K, 1 young (2048K), 1 survivors (2048K)
 Metaspace       used 39034K, committed 39424K, reserved 1114112K
  class space    used 4974K, committed 5184K, reserved 1048576K
}
Event: 81.304 GC heap before
{Heap before GC invocations=21 (full 0):
 garbage-first heap   total 569344K, used 360564K [0x0000000703000000, 0x0000000800000000)
  region size 2048K, 166 young (339968K), 1 survivors (2048K)
 Metaspace       used 39034K, committed 39424K, reserved 1114112K
  class space    used 4974K, committed 5184K, reserved 1048576K
}
Event: 81.306 GC heap after
{Heap after GC invocations=22 (full 0):
 garbage-first heap   total 569344K, used 24677K [0x0000000703000000, 0x0000000800000000)
  region size 2048K, 1 young (2048K), 1 survivors (2048K)
 Metaspace       used 39034K, committed 39424K, reserved 1114112K
  class space    used 4974K, committed 5184K, reserved 1048576K
}
Event: 81.352 GC heap before
{Heap before GC invocations=22 (full 0):
 garbage-first heap   total 569344K, used 360549K [0x0000000703000000, 0x0000000800000000)
  region size 2048K, 166 young (339968K), 1 survivors (2048K)
 Metaspace       used 39034K, committed 39424K, reserved 1114112K
  class space    used 4974K, committed 5184K, reserved 1048576K
}
Event: 81.353 GC heap after
{Heap after GC invocations=23 (full 0):
 garbage-first heap   total 569344K, used 24695K [0x0000000703000000, 0x0000000800000000)
  region size 2048K, 1 young (2048K), 1 survivors (2048K)
 Metaspace       used 39034K, committed 39424K, reserved 1114112K
  class space    used 4974K, committed 5184K, reserved 1048576K
}
Event: 81.394 GC heap before
{Heap before GC invocations=23 (full 0):
 garbage-first heap   total 569344K, used 360567K [0x0000000703000000, 0x0000000800000000)
  region size 2048K, 166 young (339968K), 1 survivors (2048K)
 Metaspace       used 39034K, committed 39424K, reserved 1114112K
  class space    used 4974K, committed 5184K, reserved 1048576K
}
Event: 81.396 GC heap after
{Heap after GC invocations=24 (full 0):
 garbage-first heap   total 569344K, used 24708K [0x0000000703000000, 0x0000000800000000)
  region size 2048K, 1 young (2048K), 1 survivors (2048K)
 Metaspace       used 39034K, committed 39424K, reserved 1114112K
  class space    used 4974K, committed 5184K, reserved 1048576K
}
Event: 81.444 GC heap before
{Heap before GC invocations=24 (full 0):
 garbage-first heap   total 569344K, used 360580K [0x0000000703000000, 0x0000000800000000)
  region size 2048K, 166 young (339968K), 1 survivors (2048K)
 Metaspace       used 39034K, committed 39424K, reserved 1114112K
  class space    used 4974K, committed 5184K, reserved 1048576K
}
Event: 81.446 GC heap after
{Heap after GC invocations=25 (full 0):
 garbage-first heap   total 569344K, used 24717K [0x0000000703000000, 0x0000000800000000)
  region size 2048K, 1 young (2048K), 1 survivors (2048K)
 Metaspace       used 39034K, committed 39424K, reserved 1114112K
  class space    used 4974K, committed 5184K, reserved 1048576K
}
Event: 81.495 GC heap before
{Heap before GC invocations=25 (full 0):
 garbage-first heap   total 569344K, used 360589K [0x0000000703000000, 0x0000000800000000)
  region size 2048K, 166 young (339968K), 1 survivors (2048K)
 Metaspace       used 39034K, committed 39424K, reserved 1114112K
  class space    used 4974K, committed 5184K, reserved 1048576K
}

