# JRE version: Java(TM) SE Runtime Environment (19.0+36) (build 19+36-2238)
# Java VM: Java HotSpot(TM) 64-Bit Server VM (19+36-2238, mixed mode, sharing, tiered, compressed oops, compressed class ptrs, g1 gc, windows-amd64)
GC Precious Log:
 CardTable entry size: 512
 Card Set container configuration: InlinePtr #cards 4 size 8 Array Of Cards #cards 8 size 32 Howl #buckets 8 coarsen threshold 3686 Howl Bitmap #cards 512 size 80 coarsen threshold 460 Card regions per heap region 1 cards per card region 4096
 CPUs: 8 total, 8 available
 Memory: 16189M
 Large Page Support: Disabled
 NUMA Support: Disabled
 Compressed Oops: Enabled (Zero based)
 Heap Region Size: 2M
 Heap Min Capacity: 8M
 Heap Initial Capacity: 254M
 Heap Max Capacity: 4048M
 Pre-touch: Disabled
 Parallel Workers: 8
 Concurrent Workers: 2
 Concurrent Refinement Workers: 8
 Periodic GC: Disabled
Heap:
 garbage-first heap   total 659456K, used 26576K [0x0000000703000000, 0x0000000800000000)
  region size 2048K, 1 young (2048K), 1 survivors (2048K)
 Metaspace       used 41127K, committed 41472K, reserved 1114112K
  class space    used 5164K, committed 5312K, reserved 1048576K
GC Heap History (20 events):
Event: 52.856 GC heap after
{Heap after GC invocations=20 (full 0):
 garbage-first heap   total 329728K, used 29434K [0x0000000703000000, 0x0000000800000000)
  region size 2048K, 4 young (8192K), 4 survivors (8192K)
 Metaspace       used 41127K, committed 41472K, reserved 1114112K
  class space    used 5164K, committed 5312K, reserved 1048576K
}
Event: 52.911 GC heap before
{Heap before GC invocations=20 (full 0):
 garbage-first heap   total 329728K, used 215802K [0x0000000703000000, 0x0000000800000000)
  region size 2048K, 96 young (196608K), 4 survivors (8192K)
 Metaspace       used 41127K, committed 41472K, reserved 1114112K
  class space    used 5164K, committed 5312K, reserved 1048576K
}
Event: 52.916 GC heap after
{Heap after GC invocations=21 (full 0):
 garbage-first heap   total 329728K, used 27799K [0x0000000703000000, 0x0000000800000000)
  region size 2048K, 3 young (6144K), 3 survivors (6144K)
 Metaspace       used 41127K, committed 41472K, reserved 1114112K
  class space    used 5164K, committed 5312K, reserved 1048576K
}
Event: 52.997 GC heap before
{Heap before GC invocations=21 (full 0):
 garbage-first heap   total 329728K, used 216215K [0x0000000703000000, 0x0000000800000000)
  region size 2048K, 96 young (196608K), 3 survivors (6144K)
 Metaspace       used 41127K, committed 41472K, reserved 1114112K
  class space    used 5164K, committed 5312K, reserved 1048576K
}
Event: 53.009 GC heap after
{Heap after GC invocations=22 (full 0):
 garbage-first heap   total 659456K, used 26477K [0x0000000703000000, 0x0000000800000000)
  region size 2048K, 2 young (4096K), 2 survivors (4096K)
 Metaspace       used 41127K, committed 41472K, reserved 1114112K
  class space    used 5164K, committed 5312K, reserved 1048576K
}
Event: 53.527 GC heap before
{Heap before GC invocations=22 (full 0):
 garbage-first heap   total 659456K, used 415597K [0x0000000703000000, 0x0000000800000000)
  region size 2048K, 193 young (395264K), 2 survivors (4096K)
 Metaspace       used 41127K, committed 41472K, reserved 1114112K
  class space    used 5164K, committed 5312K, reserved 1048576K
}
Event: 53.530 GC heap after
{Heap after GC invocations=23 (full 0):
 garbage-first heap   total 659456K, used 26492K [0x0000000703000000, 0x0000000800000000)
  region size 2048K, 2 young (4096K), 2 survivors (4096K)
 Metaspace       used 41127K, committed 41472K, reserved 1114112K
  class space    used 5164K, committed 5312K, reserved 1048576K
}
Event: 53.938 GC heap before
{Heap before GC invocations=23 (full 0):
 garbage-first heap   total 659456K, used 415612K [0x0000000703000000, 0x0000000800000000)
  region size 2048K, 193 young (395264K), 2 survivors (4096K)
 Metaspace       used 41127K, committed 41472K, reserved 1114112K
  class space    used 5164K, committed 5312K, reserved 1048576K
}
Event: 53.944 GC heap after
{Heap after GC invocations=24 (full 0):
 garbage-first heap   total 659456K, used 26624K [0x0000000703000000, 0x0000000800000000)
  region size 2048K, 2 young (4096K), 2 survivors (4096K)
 Metaspace       used 41127K, committed 41472K, reserved 1114112K
  class space    used 5164K, committed 5312K, reserved 1048576K
}
Event: 54.094 GC heap before
{Heap before GC invocations=24 (full 0):
 garbage-first heap   total 659456K, used 415744K [0x0000000703000000, 0x0000000800000000)
  region size 2048K, 193 young (395264K), 2 survivors (4096K)
 Metaspace       used 41127K, committed 41472K, reserved 1114112K
  class space    used 5164K, committed 5312K, reserved 1048576K
}
Event: 54.100 GC heap after
{Heap after GC invocations=25 (full 0):
 garbage-first heap   total 659456K, used 26649K [0x0000000703000000, 0x0000000800000000)
  region size 2048K, 2 young (4096K), 2 survivors (4096K)
 Metaspace       used 41127K, committed 41472K, reserved 1114112K
  class space    used 5164K, committed 5312K, reserved 1048576K
}
Event: 54.209 GC heap before
{Heap before GC invocations=25 (full 0):
 garbage-first heap   total 659456K, used 415769K [0x0000000703000000, 0x0000000800000000)
  region size 2048K, 193 young (395264K), 2 survivors (4096K)
 Metaspace       used 41127K, committed 41472K, reserved 1114112K
  class space    used 5164K, committed 5312K, reserved 1048576K
}
Event: 54.213 GC heap after
{Heap after GC invocations=26 (full 0):
 garbage-first heap   total 659456K, used 26726K [0x0000000703000000, 0x0000000800000000)
  region size 2048K, 2 young (4096K), 2 survivors (4096K)
 Metaspace       used 41127K, committed 41472K, reserved 1114112K
  class space    used 5164K, committed 5312K, reserved 1048576K
}
Event: 54.487 GC heap before
{Heap before GC invocations=26 (full 0):
 garbage-first heap   total 659456K, used 415846K [0x0000000703000000, 0x0000000800000000)
  region size 2048K, 193 young (395264K), 2 survivors (4096K)
 Metaspace       used 41127K, committed 41472K, reserved 1114112K
  class space    used 5164K, committed 5312K, reserved 1048576K
}
Event: 54.492 GC heap after
{Heap after GC invocations=27 (full 0):
 garbage-first heap   total 659456K, used 26727K [0x0000000703000000, 0x0000000800000000)
  region size 2048K, 2 young (4096K), 2 survivors (4096K)
 Metaspace       used 41127K, committed 41472K, reserved 1114112K
  class space    used 5164K, committed 5312K, reserved 1048576K
}
Event: 55.480 GC heap before
{Heap before GC invocations=27 (full 0):
 garbage-first heap   total 659456K, used 415847K [0x0000000703000000, 0x0000000800000000)
  region size 2048K, 193 young (395264K), 2 survivors (4096K)
 Metaspace       used 41127K, committed 41472K, reserved 1114112K
  class space    used 5164K, committed 5312K, reserved 1048576K
}
Event: 55.503 GC heap after
{Heap after GC invocations=28 (full 0):
 garbage-first heap   total 659456K, used 26685K [0x0000000703000000, 0x0000000800000000)
  region size 2048K, 2 young (4096K), 2 survivors (4096K)
 Metaspace       used 41127K, committed 41472K, reserved 1114112K
  class space    used 5164K, committed 5312K, reserved 1048576K
}
Event: 55.673 GC heap before
{Heap before GC invocations=28 (full 0):
 garbage-first heap   total 659456K, used 415805K [0x0000000703000000, 0x0000000800000000)
  region size 2048K, 193 young (395264K), 2 survivors (4096K)
 Metaspace       used 41127K, committed 41472K, reserved 1114112K
  class space    used 5164K, committed 5312K, reserved 1048576K
}
Event: 55.699 GC heap after
{Heap after GC invocations=29 (full 0):
 garbage-first heap   total 659456K, used 26544K [0x0000000703000000, 0x0000000800000000)
  region size 2048K, 1 young (2048K), 1 survivors (2048K)
 Metaspace       used 41127K, committed 41472K, reserved 1114112K
  class space    used 5164K, committed 5312K, reserved 1048576K
}
Event: 55.947 GC heap before
{Heap before GC invocations=29 (full 0):
 garbage-first heap   total 659456K, used 417712K [0x0000000703000000, 0x0000000800000000)
  region size 2048K, 193 young (395264K), 1 survivors (2048K)
 Metaspace       used 41127K, committed 41472K, reserved 1114112K
  class space    used 5164K, committed 5312K, reserved 1048576K
}

